{'commands': ['vcftools -h'], 'name': 'biocontainers/vcftools:v0.1.16-1-deb_cv1', 'recipe': '/vagrant/bioconda-recipes/recipes/vcftools'}
{'commands': ['blastn -help', 'blastp -help', 'makeblastdb -help', 'blastdb_aliastool -version > /dev/null', 'blastdbcheck -version > /dev/null', 'blastdbcmd -version > /dev/null', 'blastn -version > /dev/null', 'blastp -version > /dev/null', 'blastx -version > /dev/null', 'convert2blastmask -version > /dev/null', 'dustmasker -version > /dev/null', 'makeblastdb -version > /dev/null', 'makembindex -version > /dev/null', 'psiblast -version > /dev/null', 'rpsblast -version > /dev/null', 'rpstblastn -version > /dev/null', 'segmasker -version > /dev/null', 'tblastn -version > /dev/null', 'tblastx -version > /dev/null', 'windowmasker -version > /dev/null', 'update_blastdb.pl --version > /dev/null', 'get_species_taxids.sh -h > /dev/null'], 'name': 'biocontainers/blast:v2.2.31_cv2', 'recipe': '/vagrant/bioconda-recipes/recipes/blast'}
{'commands': ['fastqc -h'], 'name': 'biocontainers/fastqc:v0.11.8dfsg-2-deb_cv1', 'recipe': '/vagrant/bioconda-recipes/recipes/fastqc'}
{'commands': ['bcftools -h', 'bcftools --version', 'bcftools plugin -lv', 'bcftools -h | grep polysomy', 'vcfutils.pl 2>&1 | grep vcfutils'], 'name': 'biocontainers/bcftools:v1.9-1-deb_cv1', 'recipe': '/vagrant/bioconda-recipes/recipes/bcftools'}
{'commands': ['bedtools'], 'name': 'biocontainers/bedtools:v2.27.1dfsg-4-deb_cv1', 'recipe': '/vagrant/bioconda-recipes/recipes/bedtools'}
{'commands': ['samtools --help'], 'name': 'biocontainers/samtools:v1.9-4-deb_cv1', 'recipe': '/vagrant/bioconda-recipes/recipes/samtools'}
{'commands': ['bwa 2>&1 |grep Usage'], 'name': 'biocontainers/bwa:v0.7.17-3-deb_cv1', 'recipe': '/vagrant/bioconda-recipes/recipes/bwa'}
{'commands': ['java -jar /opt/conda/bin/picard.jar 2>&1'], 'name': 'biocontainers/picard:v1.139_cv3', 'recipe': '/vagrant/bioconda-recipes/recipes/picard'}
{'commands': ['test -e ${PREFIX}/include/fast5/fast5.hpp'], 'name': 'biocontainers/fast5:v0.6.5-2b1-deb-py3_cv1', 'recipe': '/vagrant/bioconda-recipes/recipes/fast5'}
{'imports': ['csb', 'csb.apps', 'csb.bio', 'csb.bio.fragments', 'csb.bio.hmm', 'csb.bio.io', 'csb.bio.nmr', 'csb.bio.sequence', 'csb.bio.structure', 'csb.bio.utils', 'csb.core', 'csb.io', 'csb.numeric', 'csb.statistics', 'csb.statistics.pdf', 'csb.statistics.samplers', 'csb.statistics.samplers.mc', 'csb.statmech', 'csb.test', 'csb.test.cases', 'csb.test.cases.bio', 'csb.test.cases.bio.fragments', 'csb.test.cases.bio.hmm', 'csb.test.cases.bio.io', 'csb.test.cases.bio.io.clans', 'csb.test.cases.bio.io.cs', 'csb.test.cases.bio.io.fasta', 'csb.test.cases.bio.io.hhpred', 'csb.test.cases.bio.io.mrc', 'csb.test.cases.bio.io.noe', 'csb.test.cases.bio.io.procheck', 'csb.test.cases.bio.io.whatif', 'csb.test.cases.bio.io.wwpdb', 'csb.test.cases.bio.nmr', 'csb.test.cases.bio.sequence', 'csb.test.cases.bio.sequence.alignment', 'csb.test.cases.bio.structure', 'csb.test.cases.bio.utils', 'csb.test.cases.core', 'csb.test.cases.io', 'csb.test.cases.numeric', 'csb.test.cases.statistics', 'csb.test.cases.statistics.pdf', 'csb.test.cases.statistics.samplers', 'csb.test.cases.statmech'], 'name': 'biocontainers/csb:v1.2.5dfsg-3-deb-py3_cv1', 'recipe': '/vagrant/bioconda-recipes/recipes/csb'}
{'imports': ['cutadapt'], 'commands': ['cutadapt --version'], 'name': 'biocontainers/cutadapt:v1.18-1-deb-py3_cv1', 'recipe': '/vagrant/bioconda-recipes/recipes/cutadapt'}
{'commands': ['ProteinProphet'], 'name': 'biocontainers/tpp:v5.2_cv1', 'recipe': '/vagrant/bioconda-recipes/recipes/tpp'}
{'commands': ['bowtie2 --help', 'bowtie2-align-l --help', 'bowtie2-align-s --help', 'bowtie2-build --help', 'bowtie2-build-l --help', 'bowtie2-build-s --help', 'bowtie2-inspect --help', 'bowtie2-inspect-l --help', 'bowtie2-inspect-s --help'], 'name': 'biocontainers/bowtie2:v2.3.4.3-1-deb_cv1', 'recipe': '/vagrant/bioconda-recipes/recipes/bowtie2'}
{'imports': ['cyvcf2'], 'name': 'biocontainers/cyvcf2:v0.10.4-1-deb-py3_cv1', 'recipe': '/vagrant/bioconda-recipes/recipes/cyvcf2'}
{'commands': ['bamtools --help 2>&1 | grep usage'], 'name': 'biocontainers/bamtools:v2.5.1dfsg-3-deb_cv1', 'recipe': '/vagrant/bioconda-recipes/recipes/bamtools'}
{'imports': ['genometools', 'genometools.basic', 'genometools.ebi', 'genometools.ensembl', 'genometools.expression', 'genometools.geo', 'genometools.misc', 'genometools.ncbi', 'genometools.rnaseq', 'genometools.seq', 'genometools.sra'], 'name': 'biocontainers/genometools:v1.5.10ds-3-deb_cv1', 'recipe': '/vagrant/bioconda-recipes/recipes/genometools'}
{'commands': ['run-bwamem 2>&1', 'run-gen-ref 2>&1', 'run-HLA 2>&1', 'typeHLA.sh 2>&1', 'bwa-postalt.js 2>&1', 'typeHLA.js 2>&1', 'typeHLA-selctg.js 2>&1'], 'name': 'biocontainers/bwakit:v0.7.15_cv1', 'recipe': '/vagrant/bioconda-recipes/recipes/bwakit'}
{'imports': ['dendropy', 'dendropy.calculate', 'dendropy.dataio', 'dendropy.datamodel', 'dendropy.interop', 'dendropy.legacy', 'dendropy.mathlib', 'dendropy.model', 'dendropy.simulate', 'dendropy.utility', 'dendropy.utility.libexec'], 'name': 'biocontainers/dendropy:v4.4.0-1-deb-py3_cv1', 'recipe': '/vagrant/bioconda-recipes/recipes/dendropy'}
{'imports': ['HTSeq._HTSeq_internal', 'HTSeq.StepVector', 'HTSeq._version', 'HTSeq.scripts.count', 'HTSeq.scripts.qa'], 'name': 'biocontainers/htseq:v0.11.2-1-deb-py3_cv1', 'recipe': '/vagrant/bioconda-recipes/recipes/htseq'}
{'commands': ['alimask -h', 'hmmalign -h', 'hmmbuild -h', 'hmmconvert -h', 'hmmemit -h', 'hmmpress -h', 'hmmscan -h', 'hmmsearch -h', 'hmmsim -h', 'hmmstat -h', 'jackhmmer -h', 'phmmer -h', 'nhmmer -h', 'nhmmscan -h', 'hmmpgmd -h'], 'name': 'biocontainers/hmmer:v3.2.1dfsg-1-deb_cv1', 'recipe': '/vagrant/bioconda-recipes/recipes/hmmer'}
{'commands': ['pbalign -h'], 'name': 'biocontainers/pbalign:v0.3.2-1-deb_cv1', 'recipe': '/vagrant/bioconda-recipes/recipes/pbalign'}
{'commands': ['bash5tools.py --version', 'cmph5tools.py --version'], 'name': 'biocontainers/pbh5tools:v0.8.0git20170929.58d54ffdfsg-1-deb-py2_cv1', 'recipe': '/vagrant/bioconda-recipes/recipes/pbh5tools'}
{'imports': ['pysam'], 'name': 'biocontainers/pysam:v0.15.2ds-2-deb-py3_cv1', 'recipe': '/vagrant/bioconda-recipes/recipes/pysam'}
{'imports': ['ruffus'], 'name': 'biocontainers/ruffus:v2.8.1-4-deb-py2_cv1', 'recipe': '/vagrant/bioconda-recipes/recipes/ruffus'}
{'commands': ['ABYSS --version 2>&1', 'abyss-pe help 2>&1'], 'name': 'biocontainers/abyss:v2.1.5-7-deb_cv1', 'recipe': '/vagrant/bioconda-recipes/recipes/abyss'}
{'imports': ['pyfaidx'], 'name': 'biocontainers/pyfaidx:v0.5.5.2-1-deb-py3_cv1', 'recipe': '/vagrant/bioconda-recipes/recipes/pyfaidx'}
{'commands': ['bedops --help', 'gtf2bed --help'], 'name': 'biocontainers/bedops:v2.4.35dfsg-1-deb_cv1', 'recipe': '/vagrant/bioconda-recipes/recipes/bedops'}
{'commands': ['AdapterRemoval -h 2>&1 | grep AdapterRemoval'], 'name': 'biocontainers/adapterremoval:v2.2.3-1-deb_cv1', 'recipe': '/vagrant/bioconda-recipes/recipes/adapterremoval'}
{'commands': ['needle --help', 'transeq --help', 'sixpack --help', 'seqret --help'], 'name': 'biocontainers/emboss:v6.6.0dfsg-7b1-deb_cv1', 'recipe': '/vagrant/bioconda-recipes/recipes/emboss'}
{'commands': ['bowtie --help', 'bowtie-align-l --help', 'bowtie-align-s --help', 'bowtie-build --help', 'bowtie-build-l --help', 'bowtie-build-s --help', 'bowtie-inspect --help', 'bowtie-inspect-l --help', 'bowtie-inspect-s --help'], 'name': 'biocontainers/bowtie:v1.2.2dfsg-4-deb_cv1', 'recipe': '/vagrant/bioconda-recipes/recipes/bowtie'}
{'commands': ['augustus --version', 'autoAug.pl --help', 'autoAugPred.pl --help', 'autoAugTrain.pl --help', 'bam2hints --help', 'bam2wig', 'bedgraph2wig.pl', 'blat2gbrowse.pl --help', 'blat2hints.pl', 'cegma2gff.pl', 'checkParamArchive.pl', 'cleanDOSfasta.pl', 'clusterAndSplitGenes.pl --help', 'compileSpliceCands', 'computeFlankingRegion.pl', 'createAugustusJoblist.pl', 'del_from_prfl.pl --help', 'evalCGP.pl', 'eval_dualdecomp.pl --help', 'eval_multi_gtf.pl --help', 'exonerate2hints.pl', 'filterBam --help', 'filterGenesIn_mRNAname.pl', 'filterGenesIn.pl', 'filterGenesOut_mRNAname.pl', 'filterGenes.pl', 'filterInFrameStopCodons.pl', 'filterMaf.pl --help', 'filterPSL.pl --help', 'filterShrimp.pl --help', 'filterSpliceHints.pl', 'findGffNamesInFasta.pl --help', 'gbrowseold2gff3.pl --help', 'gbSmallDNA2gff.pl', 'getAnnoFasta.pl', 'getLinesMatching.pl', 'gff2gbSmallDNA.pl', 'gffGetmRNA.pl', 'gp2othergp.pl --help', 'gtf2aa.pl', 'gtf2bed.pl --help', 'gtf2gff.pl --help', 'gth2gtf.pl', 'hal2maf_split.pl --help', 'homGeneMapping --help', 'intron2exex.pl --help', 'join_mult_hints.pl --help', 'joingenes --help', 'joinPeptides.pl', 'maf2conswig.pl --help', 'makeMatchLists.pl --help', 'makeUtrTrainingSet.pl', 'maskNregions.pl', 'moveParameters.pl', 'msa2prfl.pl --help', 'new_species.pl', 'optimize_augustus.pl', 'opt_init_and_term_probs.pl', 'parseSim4Output.pl', 'partition_gtf2gb.pl --help', 'pasapolyA2hints.pl', 'peptides2alternatives.pl', 'peptides2hints.pl', 'polyA2hints.pl', 'pslMap.pl', 'randomSplit.pl', 'ratewig.pl', 'rmRedundantHints.pl', 'runAllSim4.pl --help', 'samMap.pl', 'scipiogff2gff.pl', 'setStopCodonFreqs.pl', 'simpleFastaHeaders.pl', 'simplifyFastaHeaders.pl', 'splitMfasta.pl', 'split_wiggle.pl', 'summarizeACGTcontent.pl', 'transMap2hints.pl', 'uniquePeptides.pl', 'utrgff2gbrowse.pl --help', 'utrrnaseq --help', 'weedMaf.pl --help', 'wigchoose.pl --help', 'writeResultsPage.pl', 'yaml2gff.1.4.pl --help', 'getAnnoFastaFromJoingenes.py --help', 'bamToWig.py --help', 'compare_masking.pl --help', 'merge_masking.pl --help', 'fix_in_frame_stop_codon_genes.py --help'], 'name': 'biocontainers/augustus:v3.3.2dfsg-2-deb_cv1', 'recipe': '/vagrant/bioconda-recipes/recipes/augustus'}
{'commands': ['java -jar artemis.jar'], 'name': 'biocontainers/artemis:v17.0.1dfsg-2-deb_cv1', 'recipe': '/vagrant/bioconda-recipes/recipes/artemis'}
{'imports': ['ariba', 'ariba.tasks'], 'name': 'biocontainers/ariba:v2.13.3ds-1-deb_cv1', 'recipe': '/vagrant/bioconda-recipes/recipes/ariba'}
{'commands': ['aragorn -h 2>&1'], 'name': 'biocontainers/aragorn:v1.2.38-2-deb_cv1', 'recipe': '/vagrant/bioconda-recipes/recipes/aragorn'}
{'commands': ['atac.pl'], 'name': 'biocontainers/atac:v020150903r2013-6-deb_cv1', 'recipe': '/vagrant/bioconda-recipes/recipes/atac'}
{'commands': ['andi -h'], 'name': 'biocontainers/andi:v0.12-4-deb_cv1', 'recipe': '/vagrant/bioconda-recipes/recipes/andi'}
{'commands': ['vina --help'], 'name': 'biocontainers/autodock-vina:v1.1.2-5b1-deb_cv1', 'recipe': '/vagrant/bioconda-recipes/recipes/autodock-vina'}
{'commands': ['barrnap --help'], 'name': 'biocontainers/barrnap:v0.9dfsg-1-deb_cv1', 'recipe': '/vagrant/bioconda-recipes/recipes/barrnap'}
{'commands': ['java -jar beagle.jar'], 'name': 'biocontainers/beagle:v5.0-180928dfsg-1-deb_cv1', 'recipe': '/vagrant/bioconda-recipes/recipes/beagle'}
{'commands': ['Assemblytics --help'], 'name': 'biocontainers/assemblytics:v1.0ds-1-deb_cv1', 'recipe': '/vagrant/bioconda-recipes/recipes/assemblytics'}
{'commands': ['which Bandage'], 'name': 'biocontainers/bandage:v0.8.1-1-deb_cv1', 'recipe': '/vagrant/bioconda-recipes/recipes/bandage'}
{'commands': ['BaitFilter --version'], 'name': 'biocontainers/baitfisher:v1.2.7git20180107.e92dbf2dfsg-1-deb_cv1', 'recipe': '/vagrant/bioconda-recipes/recipes/baitfisher'}
{'commands': ['blasr --version', 'sawriter --help'], 'name': 'biocontainers/blasr:v5.3.2dfsg-1.1-deb_cv1', 'recipe': '/vagrant/bioconda-recipes/recipes/blasr'}
{'commands': ['QCumber-2 -h'], 'name': 'biocontainers/qcumber:v1.0.14dfsg-1-deb_cv1', 'recipe': '/vagrant/bioconda-recipes/recipes/qcumber'}
{'commands': ['samblaster -h 2>&1'], 'name': 'biocontainers/samblaster:v0.1.24-2-deb_cv1', 'recipe': '/vagrant/bioconda-recipes/recipes/samblaster'}
{'imports': ['cnvlib', 'skgenome'], 'commands': ['cnvkit.py -h'], 'name': 'biocontainers/cnvkit:v0.9.5-3-deb_cv1', 'recipe': '/vagrant/bioconda-recipes/recipes/cnvkit'}
{'commands': ['soap -h', '2bwt-builder'], 'name': 'biocontainers/soapaligner:v2.20-3-deb_cv1', 'recipe': '/vagrant/bioconda-recipes/recipes/soapaligner'}
{'commands': ['circos -modules', 'circos -v'], 'name': 'biocontainers/circos:v0.69.6dfsg-2-deb_cv1', 'recipe': '/vagrant/bioconda-recipes/recipes/circos'}
{'commands': ['hisat2 --help', 'hisatgenotype_extract_reads.py --help'], 'name': 'biocontainers/hisat2:v2.1.0-2-deb_cv1', 'recipe': '/vagrant/bioconda-recipes/recipes/hisat2'}
{'commands': ['canu --version'], 'name': 'biocontainers/canu:v1.8dfsg-2-deb_cv1', 'recipe': '/vagrant/bioconda-recipes/recipes/canu'}
{'commands': ['phastCons -h'], 'name': 'biocontainers/phast:v1.4dfsg-1-deb_cv1', 'recipe': '/vagrant/bioconda-recipes/recipes/phast'}
{'commands': ['cd-hit --help'], 'name': 'biocontainers/cd-hit:v4.6.8-2-deb_cv1', 'recipe': '/vagrant/bioconda-recipes/recipes/cd-hit'}
{'imports': ['cobra', 'cobra.core', 'cobra.flux_analysis', 'cobra.sampling', 'cobra.io', 'cobra.manipulation', 'cobra.test', 'cobra.util'],'name': 'biocontainers/cobra:v0.14.1-1-deb-py3_cv1', 'recipe': '/vagrant/bioconda-recipes/recipes/cobra'}
{'imports': ['circlator', 'circlator.tasks'], 'name': 'biocontainers/circlator:v1.5.5-3-deb_cv1', 'recipe': '/vagrant/bioconda-recipes/recipes/circlator'}
{'commands': ['java -jar cgview-0.0.20100111.jar'], 'name': 'biocontainers/cgview:v0.0.20100111-4-deb_cv1', 'recipe': '/vagrant/bioconda-recipes/recipes/cgview'}
{'commands': ['clustalo --help'], 'name': 'biocontainers/clustalo:v1.2.4-2-deb_cv1', 'recipe': '/vagrant/bioconda-recipes/recipes/clustalo'}
{'commands': ['cassiopee -h'], 'name': 'biocontainers/cassiopee:v1.0.9-2-deb_cv1', 'recipe': '/vagrant/bioconda-recipes/recipes/cassiopee'}
{'imports': ['cogent', 'cogent.align', 'cogent.align.weights', 'cogent.app', 'cogent.cluster', 'cogent.core', 'cogent.data', 'cogent.evolve', 'cogent.format', 'cogent.maths', 'cogent.maths.matrix', 'cogent.maths.spatial', 'cogent.maths.stats', 'cogent.maths.stats.cai', 'cogent.maths.unifrac', 'cogent.motif', 'cogent.parse', 'cogent.phylo', 'cogent.recalculation', 'cogent.seqsim', 'cogent.struct', 'cogent.util', 'cogent.db.ensembl'], 'name': 'biocontainers/cogent:v1.9-14-deb-py2_cv1', 'recipe': '/vagrant/bioconda-recipes/recipes/cogent'}
{'commands': ['clustalw2', 'clustalw'], 'name': 'biocontainers/clustalw:v2.1lgpl-6-deb_cv1', 'recipe': '/vagrant/bioconda-recipes/recipes/clustalw'}
{'commands': ['binlinks -help 2>&1 | grep Usage', 'bundlelinks -help 2>&1 | grep Usage', 'calcdatarange -help 2>&1 | grep Usage', 'parse-category -help 2>&1 | grep Usage', 'clustal2link -help 2>&1 | grep Usage', 'colorinterpolate -help 2>&1 | grep Usage', 'convertlinks -help 2>&1 | grep Usage', 'filterlinks -help 2>&1 | grep Usage', 'orderchr -help 2>&1 | grep Usage', 'randomdata -help 2>&1 | grep Usage', 'randomlinks -help 2>&1 | grep Usage', 'resample -help 2>&1 | grep Usage', 'make-conf -help 2>&1 | grep Usage', 'make-table -help 2>&1 | grep Usage', 'parse-table -help 2>&1 | grep Usage'], 'name': 'biocontainers/circos-tools:v0.23-1-deb_cv1', 'recipe': '/vagrant/bioconda-recipes/recipes/circos-tools'}
{'commands': ['which codonw'], 'name': 'biocontainers/codonw:v1.4.4-4-deb_cv1', 'recipe': '/vagrant/bioconda-recipes/recipes/codonw'}
{'commands': ['ClonalFrameML 2>&1 | grep ClonalFrameML'], 'name': 'biocontainers/clonalframeml:v1.11-3-deb_cv1', 'recipe': '/vagrant/bioconda-recipes/recipes/clonalframeml'}
{'commands': ['ChromHMM.sh -Xmx512M BinarizeBam | grep -q usage'], 'name': 'biocontainers/chromhmm:v1.18dfsg-1-deb_cv1', 'recipe': '/vagrant/bioconda-recipes/recipes/chromhmm'}
{'commands': ['clearcut -V'], 'name': 'biocontainers/clearcut:v1.0.9-3-deb_cv1', 'recipe': '/vagrant/bioconda-recipes/recipes/clearcut'}
{'imports': ['changeo'], 'commands': ['AlignRecords.py --version', 'AssignGenes.py --version', 'BuildTrees.py --version', 'ConvertDb.py --version', 'CreateGermlines.py --version', 'DefineClones.py --version', 'MakeDb.py --version', 'ParseDb.py --version'], 'name': 'biocontainers/changeo:v0.4.5-1-deb_cv1', 'recipe': '/vagrant/bioconda-recipes/recipes/changeo'}
{'commands': ['centrifuge --help'], 'name': 'biocontainers/centrifuge:v1.0.3-2-deb_cv1', 'recipe': '/vagrant/bioconda-recipes/recipes/centrifuge'}
{'commands': ['freebayes --version', 'vcfstreamsort -h', 'bamleftalign -h'], 'name': 'biocontainers/freebayes:v1.2.0-2-deb_cv1', 'recipe': '/vagrant/bioconda-recipes/recipes/freebayes'}
{'commands': ['command -v fastml'], 'name': 'biocontainers/fastml:v3.1-4-deb_cv1', 'recipe': '/vagrant/bioconda-recipes/recipes/fastml'}
{'commands': ['dialign-tx -h'], 'name': 'biocontainers/dialign-tx:v1.0.2-12-deb_cv1', 'recipe': '/vagrant/bioconda-recipes/recipes/dialign-tx'}
{'commands': ['ecoPCR -h', 'ecogrep -h', 'ecofind -h', 'ecoPCRFormat.py -h'], 'name': 'biocontainers/ecopcr:v1.0.1dfsg-1-deb_cv1', 'recipe': '/vagrant/bioconda-recipes/recipes/ecopcr'}
{'commands': ['dawg --help|grep Usage'], 'name': 'biocontainers/dawg:v1.2-2-deb_cv1', 'recipe': '/vagrant/bioconda-recipes/recipes/dawg'}
{'commands': ['dwgsim grep Version'], 'name': 'biocontainers/dwgsim:v0.1.12-2-deb_cv1', 'recipe': '/vagrant/bioconda-recipes/recipes/dwgsim'}
{'commands': ['dcmdata_tests', 'dcmftest', 'dcmiod_tests', 'dcmnet_tests', 'dcmrt_tests', 'dcmseg_tests', 'dcmsr_tests', 'drttest'], 'name': 'biocontainers/dcmtk:v3.6.4-2.1-deb_cv1', 'recipe': '/vagrant/bioconda-recipes/recipes/dcmtk'}
{'commands': ['fastq-stats -h > /dev/null'], 'name': 'biocontainers/ea-utils:v1.1.2dfsg-5-deb_cv1', 'recipe': '/vagrant/bioconda-recipes/recipes/ea-utils'}
{'commands': ['fastp --help 2>&1 | grep usage'], 'name': 'biocontainers/fastp:v0.19.6dfsg-1-deb_cv1', 'recipe': '/vagrant/bioconda-recipes/recipes/fastp'}
{'commands': ['smartpca > /dev/null 2>&1'], 'name': 'biocontainers/eigensoft:v7.2.1dfsg-1-deb_cv1', 'recipe': '/vagrant/bioconda-recipes/recipes/eigensoft'}
{'commands': ['fastahack 2>&1 | grep usage >/dev/null'], 'name': 'biocontainers/fastahack:v0.0git20160702.bbc645fdfsg-6-deb_cv1', 'recipe': '/vagrant/bioconda-recipes/recipes/fastahack'}
{'commands': ['fsm-lite -h 2>&1 | grep whitespace-separated'], 'name': 'biocontainers/fsm-lite:v1.0-3-deb_cv1', 'recipe': '/vagrant/bioconda-recipes/recipes/fsm-lite'}
{'commands': ['DASqv  2>&1 | grep Usage', 'DAStrim  2>&1 | grep Usage', 'DASpatch 2>&1 | grep Usage', 'DASedit 2>&1 | grep Usage', 'DASmap 2>&1 | grep Usage', 'DASrealign 2>&1 | grep Usage', 'REPqv 2>&1 | grep Usage', 'REPtrim  2>&1 | grep Usage'], 'name': 'biocontainers/dascrubber:v1.1-1-deb_cv1', 'recipe': '/vagrant/bioconda-recipes/recipes/dascrubber'}
{'commands': ['fsa --help'], 'name': 'biocontainers/fsa:v1.15.9dfsg-4-deb_cv1', 'recipe': '/vagrant/bioconda-recipes/recipes/fsa'}
{'commands': ['exonerate'], 'name': 'biocontainers/exonerate:v2.4.0-4-deb_cv1', 'recipe': '/vagrant/bioconda-recipes/recipes/exonerate'}
{'commands': ['fasttree -help 2>&1 | grep FastTree'], 'name': 'biocontainers/fasttree:v2.1.10-2-deb_cv1', 'recipe': '/vagrant/bioconda-recipes/recipes/fasttree'}
{'commands': ['run_discoSnp++.sh -h', 'run_discoSnpRad.sh -h'], 'name': 'biocontainers/discosnp:v2.3.0-2-deb_cv1', 'recipe': '/vagrant/bioconda-recipes/recipes/discosnp'}
{'commands': ['figtree -help'], 'name': 'biocontainers/figtree:v1.4.4-3-deb_cv1', 'recipe': '/vagrant/bioconda-recipes/recipes/figtree'}
{'commands': ['daligner 2>&1 | grep Usage', 'LAsort 2>&1 | grep Usage', 'LAmerge 2>&1 | grep Usage', 'LAshow 2>&1 | grep Usage', 'LAcat 2>&1 | grep Usage', 'LAsplit 2>&1 | grep Usage', 'LAcheck 2>&1 | grep Usage', 'HPC.daligner 2>&1 | grep Usage', 'dumpLA 2>&1 | grep Usage'], 'name': 'biocontainers/daligner:v1.0git20180524.fd21879-1-deb_cv1', 'recipe': '/vagrant/bioconda-recipes/recipes/daligner'}
{'commands': ['delly --help'], 'name': 'biocontainers/delly:v0.8.1-2-deb_cv1', 'recipe': '/vagrant/bioconda-recipes/recipes/delly'}
{'commands': ['edlib-aligner'], 'name': 'biocontainers/edlib:v1.2.4-1-deb-py3_cv1', 'recipe': '/vagrant/bioconda-recipes/recipes/edlib'}
{'commands': ['cmalign -h', 'cmbuild -h', 'cmcalibrate -h', 'cmconvert -h', 'cmemit -h', 'cmfetch -h', 'cmpress -h', 'cmscan -h', 'cmsearch -h', 'cmstat -h'], 'name': 'biocontainers/infernal:v1.1.2-2-deb_cv1', 'recipe': '/vagrant/bioconda-recipes/recipes/infernal'}
{'commands': ['gemma'], 'name': 'biocontainers/gemma:v0.98.1dfsg-1-deb_cv1', 'recipe': '/vagrant/bioconda-recipes/recipes/gemma'}
{'commands': ['graphlan.py -h', 'graphlan_annotate.py -h'], 'name': 'biocontainers/graphlan:v1.1.3-1-deb_cv1', 'recipe': '/vagrant/bioconda-recipes/recipes/graphlan'}
{'commands': ['run_gubbins.py -h'], 'name': 'biocontainers/gubbins:v2.3.4-1-deb_cv1', 'recipe': '/vagrant/bioconda-recipes/recipes/gubbins'}
{'imports': ['gffutils'], 'commands': ['gffutils-cli -h'], 'name': 'biocontainers/gffutils:v0.9-1-deb-py3_cv1', 'recipe': '/vagrant/bioconda-recipes/recipes/gffutils'}
{'imports': ['ghmm', 'ghmmhelper', 'modhmmer', 'class_change', 'ghmmwrapper'], 'name': 'biocontainers/ghmm:v0.9rc3-2-deb_cv1', 'recipe': '/vagrant/bioconda-recipes/recipes/ghmm'}
{'imports': ['gfapy', 'gfapy.alignment', 'gfapy.field', 'gfapy.graph_operations', 'gfapy.line', 'gfapy.line.comment', 'gfapy.line.common', 'gfapy.line.custom_record', 'gfapy.line.edge', 'gfapy.line.edge.common', 'gfapy.line.edge.containment', 'gfapy.line.edge.gfa1', 'gfapy.line.edge.gfa2', 'gfapy.line.edge.link', 'gfapy.line.fragment', 'gfapy.line.gap', 'gfapy.line.group', 'gfapy.line.group.gfa2', 'gfapy.line.group.ordered', 'gfapy.line.group.path', 'gfapy.line.group.unordered', 'gfapy.line.header', 'gfapy.line.segment', 'gfapy.line.unknown', 'gfapy.lines', 'tests'], 'name': 'biocontainers/gfapy:v1.0.0dfsg-3-deb-py3_cv1', 'recipe': '/vagrant/bioconda-recipes/recipes/gfapy'}
{'commands': ['grabix'], 'name': 'biocontainers/grabix:v0.1.7-1-deb_cv1', 'recipe': '/vagrant/bioconda-recipes/recipes/grabix'}
{'commands': ['hhblits -h > /dev/null', 'hhsearch -h > /dev/null', 'hhalign -h > /dev/null'], 'name': 'biocontainers/hhsuite:v3.0beta3dfsg-3-deb_cv1', 'recipe': '/vagrant/bioconda-recipes/recipes/hhsuite'}
{'commands': ['hmmsearch2 -h', 'hmmalign2 -h ', 'hmmbuild2 -h', 'hmmcalibrate2 -h', 'hmmconvert2 -h', 'hmmemit2 -h', 'hmmfetch2 -h', 'hmmindex2 -h', 'hmmpfam2 -h', 'hmmsearch2 -h'], 'name': 'biocontainers/hmmer2:v2.3.2dfsg-6-deb_cv1', 'recipe': '/vagrant/bioconda-recipes/recipes/hmmer2'}
{'commands': ['GWAMA --help | grep GWAMA', 'GWAMA --version | grep 2.2.2'], 'name': 'biocontainers/gwama:v2.2.2dfsg-2-deb_cv1', 'recipe': '/vagrant/bioconda-recipes/recipes/gwama'}
{'imports': ['iva'], 'commands': ['iva -h'], 'name': 'biocontainers/iva:v1.0.9ds-6-deb_cv1', 'recipe': '/vagrant/bioconda-recipes/recipes/iva'}
{'commands': ['kraken --version', 'kraken-build --version', 'kraken-filter --version', 'kraken-mpa-report --version', 'kraken-report --version', 'kraken-translate --version'], 'name': 'biocontainers/kraken:v1.1-3-deb_cv1', 'recipe': '/vagrant/bioconda-recipes/recipes/kraken'}
{'commands': ['idba 2>&1 | grep IDBA'], 'name': 'biocontainers/idba:v1.1.3-3-deb_cv1', 'recipe': '/vagrant/bioconda-recipes/recipes/idba'}
{'commands': ['iqtree'], 'name': 'biocontainers/iqtree:v1.6.9dfsg-1-deb_cv1', 'recipe': '/vagrant/bioconda-recipes/recipes/iqtree'}
{'commands': ['kmc', 'kmc_dump', 'kmc_tools'], 'name': 'biocontainers/kmc:v2.3dfsg-7-deb_cv1', 'recipe': '/vagrant/bioconda-recipes/recipes/kmc'}
{'imports': ['khmer', 'khmer.tests', 'oxli'], 'name': 'biocontainers/khmer:v2.1.2dfsg-6-deb_cv1', 'recipe': '/vagrant/bioconda-recipes/recipes/khmer'}
{'commands': ['kissplice -h'], 'name': 'biocontainers/kissplice:v2.4.0-p1-4-deb_cv1', 'recipe': '/vagrant/bioconda-recipes/recipes/kissplice'}
{'commands': ['mafft --version 2>&1'], 'name': 'biocontainers/mafft:v7.407-2-deb_cv1', 'recipe': '/vagrant/bioconda-recipes/recipes/mafft'}
{'commands': ['mash -h', 'mash --version'], 'name': 'biocontainers/mash:v2.1dfsg-2-deb_cv1', 'recipe': '/vagrant/bioconda-recipes/recipes/mash'}
{'commands': ['run_lefse.py -h', 'lefse-format_input.py -h', 'lefse2circlader.py -h', 'lefse-plot_cladogram.py -h', 'lefse-plot_features.py -h', 'lefse-plot_res.py -h', 'qiime2lefse.py -h'], 'name': 'biocontainers/lefse:v1.0.8-2-deb_cv1', 'recipe': '/vagrant/bioconda-recipes/recipes/lefse'}
{'commands': ['java -jar mhap.jar'], 'name': 'biocontainers/mhap:v2.1.3dfsg-2-deb_cv1', 'recipe': '/vagrant/bioconda-recipes/recipes/mhap'}
{'commands': ['clm -h', 'clmformat --version', 'clxdo -h', 'mcl --help', 'mclblastline', 'mclcm --version', 'mclpipeline', 'mcx -h', 'mcxarray --version', 'mcxassemble --version', 'mcxdeblast -h', 'mcxdump --version', 'mcxi -h', 'mcxload --version', 'mcxmap --version', 'mcxrand --version', 'mcxsubs --version'], 'name': 'biocontainers/mcl:v1-14-137ds-3-deb_cv1', 'recipe': '/vagrant/bioconda-recipes/recipes/mcl'}
{'commands': ['run_mapsembler2_pipeline.sh -h'], 'name': 'biocontainers/mapsembler2:v2.2.4dfsg-3b1-deb_cv1', 'recipe': '/vagrant/bioconda-recipes/recipes/mapsembler2'}
{'commands': ['LogolMultiExec.sh -h', 'LogolExec.sh -h'], 'name': 'biocontainers/logol:v1.7.9-1-deb_cv1', 'recipe': '/vagrant/bioconda-recipes/recipes/logol'}
{'commands': ['existDB 2>&1', 'kmer-mask 2>&1', 'mapMers 2>&1 | grep mapMers', 'mapMers-depth 2>&1 | grep mapMers-depth', 'meryl 2>&1 | grep meryl', 'mt19937ar-test', 'positionDB 2>&1 | grep positionDB', 'simple', 'test-merStream', 'test-seqCache'], 'name': 'biocontainers/meryl:v020150903r2013-6-deb_cv1', 'recipe': '/vagrant/bioconda-recipes/recipes/meryl'}
{'commands': ['seqtk 2>&1 | grep seqtk -q'], 'name': 'biocontainers/seqtk:v1.3-1-deb_cv1', 'recipe': '/vagrant/bioconda-recipes/recipes/seqtk'}
{'commands': ['miniasm -V'], 'name': 'biocontainers/miniasm:v0.3dfsg-1-deb_cv1', 'recipe': '/vagrant/bioconda-recipes/recipes/miniasm'}
{'commands': ['minia -help 2>&1 | grep usage'], 'name': 'biocontainers/minia:v1.6906-2-deb_cv1', 'recipe': '/vagrant/bioconda-recipes/recipes/minia'}
{'commands': ['which mothur', 'uchime --version 2>&1'], 'name': 'biocontainers/mothur:v1.41.21-1-deb_cv1', 'recipe': '/vagrant/bioconda-recipes/recipes/mothur'}
{'commands': ['minimap -V  > /dev/null'], 'name': 'biocontainers/minimap:v0.2-4-deb_cv1', 'recipe': '/vagrant/bioconda-recipes/recipes/minimap'}
{'commands': ['muscle -version'], 'name': 'biocontainers/muscle:v1-3.8.1551-2-deb_cv1', 'recipe': '/vagrant/bioconda-recipes/recipes/muscle'}
{'commands': ['pilon --help', 'pilon --jar_dir'], 'name': 'biocontainers/pilon:v1.23dfsg-1-deb_cv1', 'recipe': '/vagrant/bioconda-recipes/recipes/pilon'}
{'commands': ['metaphlan2.py -v', 'strainphlan.py -h', 'extract_markers.py -h', 'merge_metaphlan_tables.py -h', 'read_fastx.py -h'], 'name': 'biocontainers/metaphlan2:v2.7.8-1-deb_cv1', 'recipe': '/vagrant/bioconda-recipes/recipes/metaphlan2'}
{'commands': ['minimap2 2>&1 | grep Usage', 'paftools.js version 2>&1 | grep 2.17'], 'name': 'biocontainers/minimap2:v2.15dfsg-1-deb_cv1', 'recipe': '/vagrant/bioconda-recipes/recipes/minimap2'}
{'commands': ['echo Version | mb', 'echo Version | mpirun -mca plm_rsh_agent true --allow-run-as-root mb-mpi'], 'name': 'biocontainers/mrbayes:v3.2.6dfsg-2b1-deb_cv1', 'recipe': '/vagrant/bioconda-recipes/recipes/mrbayes'}
{'imports': ['pbcommand', 'pbcommand.cli', 'pbcommand.cli.examples', 'pbcommand.engine', 'pbcommand.models', 'pbcommand.pb_io', 'pbcommand.schemas', 'pbcommand.services', 'pbcommand.testkit', 'tests'], 'commands': ['pbservice --help'], 'name': 'biocontainers/pbcommand:v1.1.1-1-deb-py2_cv1', 'recipe': '/vagrant/bioconda-recipes/recipes/pbcommand'}
{'commands': ['mummer -h', 'mummerplot -h', 'nucmer -h', 'promer -h', 'show-aligns -h'], 'name': 'biocontainers/mummer:v3.23dfsg-4-deb_cv1', 'recipe': '/vagrant/bioconda-recipes/recipes/mummer'}
{'commands': ['nanopolish --help', 'nanopolish --version'], 'name': 'biocontainers/nanopolish:v0.11.0-2-deb_cv1', 'recipe': '/vagrant/bioconda-recipes/recipes/nanopolish'}
{'commands': ['mustang --help 2>&1 | grep MUSTANG'], 'name': 'biocontainers/mustang:v3.2.3-3-deb_cv1', 'recipe': '/vagrant/bioconda-recipes/recipes/mustang'}
{'commands': ['spades.py --version 2>&1 | grep 3.14.0', 'rnaspades.py --version 2>&1 | grep 3.14.0', 'truspades.py --help 2>&1 | grep 3.14.0', 'metaspades.py --version 2>&1 | grep 3.14.0', 'plasmidspades.py --version 2>&1 | grep 3.14.0', 'spades-kmercount -h 2>&1 | grep spades-kmercount', 'spades-gmapper 2>&1 | grep spades-gmapper', 'spades-gbuilder 2>&1 | grep spades-gbuilder', 'spades.py --test && rm -rf spades_test'], 'name': 'biocontainers/spades:v3.13.0dfsg2-2-deb_cv1', 'recipe': '/vagrant/bioconda-recipes/recipes/spades'}
{'commands': ['pbsim 2>&1 | grep USAGE'], 'name': 'biocontainers/pbsim:v1.0.3git20180330.e014b1ddfsg-1-deb_cv1', 'recipe': '/vagrant/bioconda-recipes/recipes/pbsim'}
{'commands': ['pbdagcon --help', 'dazcon --help'], 'name': 'biocontainers/pbdagcon:v0.3git20161121.0000000ds-1.1-deb_cv1', 'recipe': '/vagrant/bioconda-recipes/recipes/pbdagcon'}
{'commands': ['piler -version'], 'name': 'biocontainers/piler:v020140707-2-deb_cv1', 'recipe': '/vagrant/bioconda-recipes/recipes/piler'}
{'commands': ['plink --help'], 'name': 'biocontainers/plink:v1.07dfsg-2-deb_cv1', 'recipe': '/vagrant/bioconda-recipes/recipes/plink'}
{'commands': ['gtop -h 2>&1 | grep -i usage', 'pfmake -h 2>&1 | grep -i usage', 'pfscan -h 2>&1 | grep -i usage', 'pfw -h 2>&1 | grep -i usage', 'ptoh -h 2>&1 | grep -i usage', 'htop -h 2>&1 | grep -i usage', 'pfscale -h 2>&1 | grep -i usage', 'pfsearch -h 2>&1 | grep -i usage', 'psa2msa -h 2>&1 | grep -i usage', '2ft -h 2>&1 | grep -i usage', '6ft -h 2>&1 | grep -i usage', 'ptof -h 2>&1 | grep -i usage'], 'name': 'biocontainers/pftools:v3dfsg-3-deb_cv1', 'recipe': '/vagrant/bioconda-recipes/recipes/pftools'}
{'imports': ['pbcore', 'pbcore.chemistry', 'pbcore.data', 'pbcore.data.datasets', 'pbcore.io', 'pbcore.io.align', 'pbcore.io.dataset', 'pbcore.model', 'pbcore.util'], 'name': 'biocontainers/pbcore:v1.6.5dfsg-1-deb-py2_cv1', 'recipe': '/vagrant/bioconda-recipes/recipes/pbcore'}
{'commands': ['pirs --help 2>&1 | grep pirs > /dev/null'], 'name': 'biocontainers/pirs:v2.0.2dfsg-8-deb_cv1', 'recipe': '/vagrant/bioconda-recipes/recipes/pirs'}
{'commands': ['ParaFly 2>&1 | grep Usage > /dev/null'], 'name': 'biocontainers/parafly:v0.0.2013.01.21-4-deb_cv1', 'recipe': '/vagrant/bioconda-recipes/recipes/parafly'}
{'commands': ['poretools -v'], 'name': 'biocontainers/poretools:v0.6.0dfsg-3-deb_cv1', 'recipe': '/vagrant/bioconda-recipes/recipes/poretools'}
{'commands': ['pal2nal.pl -h 2>&1 | grep Usage'], 'name': 'biocontainers/pal2nal:v14.1-2-deb_cv1', 'recipe': '/vagrant/bioconda-recipes/recipes/pal2nal'}
{'name': 'biocontainers/parsnp:v1.2dfsg-5-deb_cv1', 'recipe': '/vagrant/bioconda-recipes/recipes/parsnp'}
{'commands': ['porechop -h'], 'name': 'biocontainers/porechop:v0.2.4dfsg-1-deb_cv1', 'recipe': '/vagrant/bioconda-recipes/recipes/porechop'}
{'commands': ['mkdir __tmp4phyliptests__; pushd __tmp4phyliptests__; phylip test; pushd; rm -rf __tmp4phyliptests__'], 'name': 'biocontainers/phylip:v1-3.697dfsg-1-deb_cv1', 'recipe': '/vagrant/bioconda-recipes/recipes/phylip'}
{'commands': ['if command -v conda; then conda inspect linkages -p $PREFIX $PKG_NAME; fi', 'if command -v conda; then conda inspect objects -p $PREFIX $PKG_NAME; fi', 'phyml --help', 'mpirun -mca orte_rsh_agent true --allow-run-as-root phyml-mpi --help', 'phytime --help'], 'name': 'biocontainers/phyml:v3-3.3.20180621-2-deb_cv1', 'recipe': '/vagrant/bioconda-recipes/recipes/phyml'}
{'commands': ['poa 2>&1 | grep Usage > /dev/null'], 'name': 'biocontainers/poa:v2.020060928-7-deb_cv1', 'recipe': '/vagrant/bioconda-recipes/recipes/poa'}
{'commands': ['Phi 2>&1 | grep Usage', 'Profile 2>&1 | grep Usage'], 'name': 'biocontainers/phipack:v0.0.20160614-3-deb_cv1', 'recipe': '/vagrant/bioconda-recipes/recipes/phipack'}
{'commands': ['ali2consensus -h', 'ecodbtaxstat -h', 'ecotag -h', 'ecotaxspecificity -h', 'ecotaxstat -h', 'illuminapairedend -h', 'ngsfilter -h', 'obiaddtaxids -h', 'obiannotate -h', 'obiclean -h', 'obicomplement -h', 'obiconvert -h', 'obicount -h', 'obicut -h', 'obidistribute -h', 'obiextract -h', 'obigrep -h', 'obihead -h', 'obijoinpairedend -h', 'obipr2 -h', 'obisample -h', 'obiselect -h', 'obisilva -h', 'obisort -h', 'obisplit -h', 'obistat -h', 'obisubset -h', 'obitab -h', 'obitail -h', 'obitaxonomy -h', 'obiuniq -h', 'oligotag -h'], 'name': 'biocontainers/obitools:v1.2.12dfsg-2-deb_cv1', 'recipe': '/vagrant/bioconda-recipes/recipes/obitools'}
{'commands': ['chi2 1 .1', 'evolver 1 | grep EVOLVER', 'codeml /dev/null 2>&1 | grep paml'], 'name': 'biocontainers/paml:v4.9hdfsg-1-deb_cv1', 'recipe': '/vagrant/bioconda-recipes/recipes/paml'}
{'commands': ['rsem-prepare-reference 2>&1 | grep reference_name > /dev/null', 'rsem-for-ebseq-find-DE 2>&1 | grep Usage > /dev/null', 'rsem-bam2wig foo bar foobar 2>&1', 'which rsem-for-ebseq-calculate-clustering-info'], 'name': 'biocontainers/rsem:v1.3.1dfsg-1-deb_cv1', 'recipe': '/vagrant/bioconda-recipes/recipes/rsem'}
{'commands': ['primer3_core --help 2>&1'], 'name': 'biocontainers/primer3:v2.4.0-2-deb_cv1', 'recipe': '/vagrant/bioconda-recipes/recipes/primer3'}
{'commands': ['trimmomatic -version'], 'name': 'biocontainers/trimmomatic:v0.38dfsg-1-deb_cv1', 'recipe': '/vagrant/bioconda-recipes/recipes/trimmomatic'}
{'imports': ['screed', 'screed.tests'], 'name': 'biocontainers/screed:v1.0-3-deb-py3_cv1', 'recipe': '/vagrant/bioconda-recipes/recipes/screed'}
{'commands': ['srst2 -h 2>&1', 'getmlst.py -h 2>&1'], 'name': 'biocontainers/srst2:v0.2.0-6-deb_cv1', 'recipe': '/vagrant/bioconda-recipes/recipes/srst2'}
{'commands': ['TransDecoder.Predict 2>&1', 'TransDecoder.LongOrfs 2>&1', 'start_codon_refinement.pl'], 'name': 'biocontainers/transdecoder:v5.0.1-2-deb_cv1', 'recipe': '/vagrant/bioconda-recipes/recipes/transdecoder'}
{'commands': ['sga --help'], 'name': 'biocontainers/sga:v0.10.15-4-deb_cv1', 'recipe': '/vagrant/bioconda-recipes/recipes/sga'}
{'commands': ['scrm 2 1 -T'], 'name': 'biocontainers/scrm:v1.7.3-1-deb_cv1', 'recipe': '/vagrant/bioconda-recipes/recipes/scrm'}
{'commands': ['command -v cstacks', 'command -v gstacks', 'command -v sstacks', 'command -v ustacks', 'command -v phasedstacks', 'command -v populations', 'command -v process_radtags', 'command -v process_shortreads', 'command -v clone_filter', 'command -v kmer_filter', 'command -v stacks-dist-extract', 'command -v stacks-integrate-alignments', 'command -v tsv2bam', 'command -v convert_stacks.pl', 'command -v count_fixed_catalog_snps.py', 'command -v denovo_map.pl', 'command -v extract_interpop_chars.pl', 'command -v integrate_alignments.py', 'command -v ref_map.pl'], 'name': 'biocontainers/stacks:v2.2dfsg-1-deb_cv1', 'recipe': '/vagrant/bioconda-recipes/recipes/stacks'}
{'commands': ['COLUMNS=80 unicycler -h', 'COLUMNS=80 unicycler_align -h', 'COLUMNS=80 unicycler_check -h', 'COLUMNS=80 unicycler_polish -h'], 'name': 'biocontainers/unicycler:v0.4.7dfsg-2-deb_cv1', 'recipe': '/vagrant/bioconda-recipes/recipes/unicycler'}
{'imports': ['qcli'], 'name': 'biocontainers/qcli:v0.1.1-3-deb-py2_cv1', 'recipe': '/vagrant/bioconda-recipes/recipes/qcli'}
{'commands': ['vsearch --version 2>&1'], 'name': 'biocontainers/vsearch:v2.10.4-1-deb_cv1', 'recipe': '/vagrant/bioconda-recipes/recipes/vsearch'}
{'commands': ['bam-read'], 'name': 'biocontainers/transrate-tools:v1.0.0-2-deb_cv1', 'recipe': '/vagrant/bioconda-recipes/recipes/transrate-tools'}
{'commands': ['squizz -h 2>&1 | grep usage'], 'name': 'biocontainers/squizz:v0.99ddfsg-2-deb_cv1', 'recipe': '/vagrant/bioconda-recipes/recipes/squizz'}
{'imports': ['snakemake'], 'commands': ['export GIT\\_PYTHON_REFRESH=warn', 'snakemake --version', 'snakemake --version'], 'name': 'biocontainers/snakemake:v5.4.0-1-deb_cv1', 'recipe': '/vagrant/bioconda-recipes/recipes/snakemake'}
{'commands': ['SOAPdenovo-127mer --help', 'SOAPdenovo-63mer --help'], 'name': 'biocontainers/soapdenovo2:v241dfsg-3-deb_cv1', 'recipe': '/vagrant/bioconda-recipes/recipes/soapdenovo2'}
{'commands': ['smalt version'], 'name': 'biocontainers/smalt:v0.7.6-8-deb_cv1', 'recipe': '/vagrant/bioconda-recipes/recipes/smalt'}
{'commands': ['comparePolishes 2>&1 | grep comparePolishes', 'convertPolishes --help 2>&1 | grep convertPolishes', 'convertToAtac 2>&1 | grep convertToAtac', 'leaff 2>&1 | grep leaff', 'mergePolishes 2>&1 | grep mergePolishes', 'mt19937ar-test', 'pickBestPair 2>&1 | grep pickBestPair', 'removeRedundant 2>&1 | grep removeRedundant', 'reportAlignmentDifferences 2>&1 | grep reportAlignmentDifferences', 'sim4db 2>&1 | grep sim4db'], 'name': 'biocontainers/sim4db:v020150903r2013-6-deb_cv1', 'recipe': '/vagrant/bioconda-recipes/recipes/sim4db'}
{'commands': ['featureCounts -v 2>&1', 'subread-align 2>&1', 'exactSNP 2>&1', 'subread-buildindex 2>&1', 'subjunc 2>&1', 'subindel 2>&1', 'repair -h 2>&1', 'txUnique', 'qualityScores', 'subread-fullscan'], 'name': 'biocontainers/subread:v1.6.3dfsg-1-deb_cv1', 'recipe': '/vagrant/bioconda-recipes/recipes/subread'}
{'commands': ['tantan -h'], 'name': 'biocontainers/tantan:v22-1-deb_cv1', 'recipe': '/vagrant/bioconda-recipes/recipes/tantan'}
{'commands': ['roary -h 2>&1 | grep Usage', 'query_pan_genome -h 2>&1 | grep Usage'], 'name': 'biocontainers/roary:v3.12.0dfsg-2-deb_cv1', 'recipe': '/vagrant/bioconda-recipes/recipes/roary'}
{'imports': ['sickle'], 'name': 'biocontainers/sickle:v1.33git20150314.f3d6ae3-1-deb_cv1', 'recipe': '/vagrant/bioconda-recipes/recipes/sickle'}
{'commands': ['snp-sites -V'], 'name': 'biocontainers/snp-sites:v2.4.1-1-deb_cv1', 'recipe': '/vagrant/bioconda-recipes/recipes/snp-sites'}
{'commands': ['ReadSeq 2>&1 | grep ReadSeqMain'], 'name': 'biocontainers/rdp-readseq:v2.0.2-6-deb_cv1', 'recipe': '/vagrant/bioconda-recipes/recipes/rdp-readseq'}
{'commands': ['swarm -v', 'graph_plot.py --version'], 'name': 'biocontainers/swarm:v2.2.2dfsg-2-deb_cv1', 'recipe': '/vagrant/bioconda-recipes/recipes/swarm'}
{'commands': ['exonpairs 2>&1 | grep usage', 'fathom 2>&1 | grep usage', 'forge 2>&1 | grep usage', 'hmm-assembler.pl 2>&1 | grep usage', 'hmm-info 2>&1 | grep usage', 'patch-hmm.pl 2>&1 | grep usage', 'snap'], 'name': 'biocontainers/snap:v2013-11-29-9-deb_cv1', 'recipe': '/vagrant/bioconda-recipes/recipes/snap'}
{'commands': ['SeqPrep -h 2>&1 | grep SeqPrep'], 'name': 'biocontainers/seqprep:v1.3.2-3-deb_cv1', 'recipe': '/vagrant/bioconda-recipes/recipes/seqprep'}
{'commands': ['sniffles --help 2>&1'], 'name': 'biocontainers/sniffles:v1.0.11ds-1-deb_cv1', 'recipe': '/vagrant/bioconda-recipes/recipes/sniffles'}
{'commands': ['snap-aligner 2>&1 | grep SNAP'], 'name': 'biocontainers/snap-aligner:v1.0beta.18dfsg-3-deb_cv1', 'recipe': '/vagrant/bioconda-recipes/recipes/snap-aligner'}
{'commands': ['transterm --help 2>&1 | grep TransTermHP'], 'name': 'biocontainers/transtermhp:v2.09-4-deb_cv1', 'recipe': '/vagrant/bioconda-recipes/recipes/transtermhp'}
{'commands': ['SSAKE 2> /dev/null', 'analyzePositionSSAKE.pl 2> /dev/null', 'getStats.pl 2> /dev/null', 'makeFastaFileFromScaffolds.pl 2> /dev/null', 'makePairedOutput2EQUALfiles.pl 2> /dev/null', 'makePairedOutput2UNEQUALfiles.pl 2> /dev/null', 'makePairedOutput.pl 2> /dev/null', 'nLength.pl 2> /dev/null', 'qseq2fasta.pl 2> /dev/null', 'qseq2fastq.pl 2> /dev/null', 'splitInput.pl 2> /dev/null', 'TQSfastq.pl 2> /dev/null', 'TQSexport.py -h', 'TQSfastq.py -h', 'TQS.py -h'], 'name': 'biocontainers/ssake:v4.0-2-deb_cv1', 'recipe': '/vagrant/bioconda-recipes/recipes/ssake'}
{'commands': ['seer --version', 'kmds --version', 'combineKmers -h', 'filter_seer --version'], 'name': 'biocontainers/seer:v1.1.4-2b2-deb_cv1', 'recipe': '/vagrant/bioconda-recipes/recipes/seer'}
{'commands': ['yaggo -h'], 'name': 'biocontainers/yaggo:v1.5.10-2-deb_cv1', 'recipe': '/vagrant/bioconda-recipes/recipes/yaggo'}
{'commands': ['ezez_vx1.pl 2>&1 | grep USAGE'], 'name': 'biocontainers/sprai:v0.9.9.23dfsg-2-deb_cv1', 'recipe': '/vagrant/bioconda-recipes/recipes/sprai'}
{'commands': ['prodigal -h 2>&1 | grep Usage'], 'name': 'biocontainers/prodigal:v1-2.6.3-4-deb_cv1', 'recipe': '/vagrant/bioconda-recipes/recipes/prodigal'}
{'commands': ['findknownsnps 2>&1'], 'name': 'biocontainers/snpomatic:v1.0-4-deb_cv1', 'recipe': '/vagrant/bioconda-recipes/recipes/snpomatic'}
{'commands': ['sumaclust -h'], 'name': 'biocontainers/sumaclust:v1.0.31-2-deb_cv1', 'recipe': '/vagrant/bioconda-recipes/recipes/sumaclust'}
{'commands': ['which Ray'], 'name': 'biocontainers/ray:v2.3.1-6-deb_cv1', 'recipe': '/vagrant/bioconda-recipes/recipes/ray'}
{'commands': ['sortmerna --version 2>&1', 'sortmerna -h 2>&1'], 'name': 'biocontainers/sortmerna:v2.1-3-deb_cv1', 'recipe': '/vagrant/bioconda-recipes/recipes/sortmerna'}
{'commands': ['racon --version', 'rampler -h', 'racon_wrapper -h'], 'name': 'biocontainers/racon:v1.3.2-1b1-deb_cv1', 'recipe': '/vagrant/bioconda-recipes/recipes/racon'}
{'commands': ['proda 2>&1'], 'name': 'biocontainers/proda:v1.0-12-deb_cv1', 'recipe': '/vagrant/bioconda-recipes/recipes/proda'}
{'commands': ['proteinortho --version 2>&1', 'proteinortho -test', 'proteinortho_clustering -test', 'proteinortho_grab_proteins.pl -help'], 'name': 'biocontainers/proteinortho:v5.16.bdfsg-1-deb_cv1', 'recipe': '/vagrant/bioconda-recipes/recipes/proteinortho'}
{'commands': ['compare -version 2>&1 | head'], 'name': 'biocontainers/probcons:v1.12-12-deb_cv1', 'recipe': '/vagrant/bioconda-recipes/recipes/probcons'}
{'commands': ['RAMBOK.py -h', 'java -jar /opt/conda/bin/classifier.jar -h', 'java -jar /opt/conda/bin/trainer.jar -h'], 'name': 'biocontainers/rambo-k:v1.21dfsg-2-deb_cv1', 'recipe': '/vagrant/bioconda-recipes/recipes/rambo-k'}
{'commands': ['salmon --help 2>&1'], 'name': 'biocontainers/salmon:v0.12.0ds1-1b1-deb_cv1', 'recipe': '/vagrant/bioconda-recipes/recipes/salmon'}
{'commands': ['rapmap --help 2>&1'], 'name': 'biocontainers/rapmap:v0.12.0dfsg-3b1-deb_cv1', 'recipe': '/vagrant/bioconda-recipes/recipes/rapmap'}
{'commands': ['progressiveMauve 2>&1'], 'name': 'biocontainers/progressivemauve:v1.2.04713dfsg-4-deb_cv1', 'recipe': '/vagrant/bioconda-recipes/recipes/progressivemauve'}
{'commands': ['prank -version'], 'name': 'biocontainers/prank:v0.0.170427dfsg-2-deb_cv1', 'recipe': '/vagrant/bioconda-recipes/recipes/prank'}
{'imports': ['pymummer'], 'name': 'biocontainers/pymummer:v0.10.3-2-deb-py3_cv1', 'recipe': '/vagrant/bioconda-recipes/recipes/pymummer'}
{'commands': ['spoa --help'], 'name': 'biocontainers/spoa:v1.1.5-1-deb_cv1', 'recipe': '/vagrant/bioconda-recipes/recipes/spoa'}
{'commands': ['SalmID.py -v |grep SalmID.py >/dev/null 2>&1'], 'name': 'biocontainers/salmid:v0.1.23-1-deb_cv1', 'recipe': '/vagrant/bioconda-recipes/recipes/salmid'}
{'commands': ['HOME=/tmp/ t_coffee -version'], 'name': 'biocontainers/t-coffee:v12.00.7fb08c2-4-deb_cv1', 'recipe': '/vagrant/bioconda-recipes/recipes/t-coffee'}
{'imports': ['scoary'], 'name': 'biocontainers/scoary:v1.6.16-1-deb_cv1', 'recipe': '/vagrant/bioconda-recipes/recipes/scoary'}
{'commands': ['raxmlHPC -h > /dev/null', 'raxmlHPC-PTHREADS -h > /dev/null', 'raxmlHPC-SSE3 -h > /dev/null', 'raxmlHPC-PTHREADS-SSE3 -h > /dev/null', 'raxmlHPC-AVX2 -h > /dev/null', 'raxmlHPC-PTHREADS-AVX2 -h > /dev/null'], 'name': 'biocontainers/raxml:v8.2.12dfsg-1-deb_cv1', 'recipe': '/vagrant/bioconda-recipes/recipes/raxml'}
{'commands': ['readseq help 2>&1'], 'name': 'biocontainers/readseq:v1-13-deb_cv1', 'recipe': '/vagrant/bioconda-recipes/recipes/readseq'}
{'imports': ['sqt'], 'commands': ['sqt --version 2>&1'], 'name': 'biocontainers/sqt:v0.8.0-3-deb-py3_cv1', 'recipe': '/vagrant/bioconda-recipes/recipes/sqt'}
{'imports': ['pybedtools'], 'name': 'biocontainers/pybedtools:v0.8.0-1-deb-py3_cv1', 'recipe': '/vagrant/bioconda-recipes/recipes/pybedtools'}
{'commands': ['segemehl.x --help 2>&1 | grep -A1 VERSION', 'haarz.x --help 2>&1 | grep -A1 VERSION'], 'name': 'biocontainers/segemehl:v0.3.4-1-deb_cv1', 'recipe': '/vagrant/bioconda-recipes/recipes/segemehl'}
{'commands': ['quorum --version 2>&1 > /dev/null'], 'name': 'biocontainers/quorum:v1.1.1-2-deb_cv1', 'recipe': '/vagrant/bioconda-recipes/recipes/quorum'}
{'commands': ['treetime -h'], 'imports': ['treetime'], 'name': 'biocontainers/treetime:v0.5.3-1-deb-py3_cv1', 'recipe': '/vagrant/bioconda-recipes/recipes/treetime'}
{'imports': ['seqmagick', 'seqmagick.scripts', 'seqmagick.subcommands', 'seqmagick.test', 'seqmagick.test.integration', 'seqmagick.test.integration.data'], 'name': 'biocontainers/seqmagick:v0.7.0-1-deb_cv1', 'recipe': '/vagrant/bioconda-recipes/recipes/seqmagick'}
{'commands': ['cpat.py -h', 'make_hexamer_tab.py -h', 'make_logitModel.py -h'], 'name': 'biocontainers/cpat:v1.2.4_cv2', 'recipe': '/vagrant/bioconda-recipes/recipes/cpat'}
{'commands': ['freec', 'freec2bed.pl', 'freec2circos.pl', 'which get_fasta_lengths.pl', 'which makeGraph.R', 'which makeGraph_Chromosome.R', 'vcf2snpFreec.pl', 'which assess_significance.R'], 'name': 'biocontainers/control-freec:v11.5_cv1', 'recipe': '/vagrant/bioconda-recipes/recipes/control-freec'}
{'commands': ['searchgui eu.isas.searchgui.cmd.FastaCLI', 'searchgui eu.isas.searchgui.cmd.FastaCLI -Xms512m -Xmx1g'], 'name': 'biocontainers/searchgui:v2.6.0_cv2', 'recipe': '/vagrant/bioconda-recipes/recipes/searchgui'}
{'commands': ['msconvert --help'], 'name': 'biocontainers/proteowizard:v3_0_9740_cv2', 'recipe': '/vagrant/bioconda-recipes/recipes/proteowizard'}
{'commands': ['spectra-cluster-cli'], 'name': 'biocontainers/spectra-cluster-cli:vv1.1.2_cv1', 'recipe': '/vagrant/bioconda-recipes/recipes/spectra-cluster-cli'}
{'commands': ['which sqt2pin', 'which tandem2pin', 'which msgf2pin', 'which percolator'], 'name': 'biocontainers/percolator:v3.0_cv4', 'recipe': '/vagrant/bioconda-recipes/recipes/percolator'}
{'commands': ['xtandem helpi'],  'name': 'biocontainers/xtandem:15-12-15-2', 'recipe': '/vagrant/bioconda-recipes/recipes/xtandem'}
{'commands': ['velvetg | grep velvetg > /dev/null', 'velveth | grep velveth > /dev/null'], 'name': 'biocontainers/velvet:v1.2.10_cv3', 'recipe': '/vagrant/bioconda-recipes/recipes/velvet'}
{'commands': ['configureStrelkaGermlineWorkflow.py -h', 'configureStrelkaSomaticWorkflow.py -h'], 'name': 'biocontainers/strelka:v2.9.7_cv2', 'recipe': '/vagrant/bioconda-recipes/recipes/strelka'}
{'commands': ['tophat --version'], 'name': 'biocontainers/tophat:v2.1.1_cv3', 'recipe': '/vagrant/bioconda-recipes/recipes/tophat'}
{'commands': ['otool -L $PREFIX/bin/bgzip | grep deflate', 'ldd $PREFIX/bin/bgzip | grep deflate', 'which bgzip', 'which tabix', 'which htsfile'], 'name': 'biocontainers/htslib:v1.2.1_cv3', 'recipe': '/vagrant/bioconda-recipes/recipes/htslib'}
{'imports': ['mzml2isa'], 'name': 'biocontainers/mzml2isa:phenomenal-v0.4.28_cv0.3.26', 'recipe': '/vagrant/bioconda-recipes/recipes/mzml2isa'}
{'commands': ['efetch --help', 'epost --help', 'efilter --help', 'eproxy --help', 'einfo --help', 'esearch --help', 'econtact --help', 'elink --help', 'espell --help', 'enotify --help', 'esummary --help', 'entrez-phrase-search --help', 'xtract -version'], 'name': 'biocontainers/entrez-direct:v7.50.20171103_cv5', 'recipe': '/vagrant/bioconda-recipes/recipes/entrez-direct'}
{'commands': ['Corrector_AR -h'], 'name': 'biocontainers/soapec:v2.03_cv3', 'recipe': '/vagrant/bioconda-recipes/recipes/soapec'}
{'imports': ['nmrglue', 'nmrglue.analysis', 'nmrglue.fileio', 'nmrglue.process', 'nmrglue.process.nmrtxt', 'nmrglue.util'], 'name': 'biocontainers/nmrglue:latest', 'recipe': '/vagrant/bioconda-recipes/recipes/nmrglue'}
{'commands': ['PhyloCSF 12flies $PREFIX/bin/tal-AA.fa'], 'name': 'biocontainers/phylocsf:vlatest_cv1', 'recipe': '/vagrant/bioconda-recipes/recipes/phylocsf'}
{'commands': ['snpEff -version'], 'name': 'biocontainers/snpeff:v4.1k_cv3', 'recipe': '/vagrant/bioconda-recipes/recipes/snpeff'}
{'imports': ['nmrpro'], 'name': 'biocontainers/nmrpro:latest', 'recipe': '/vagrant/bioconda-recipes/recipes/nmrpro'}
{'commands': ['makeblastdb -help', 'magicblast -help'], 'name': 'biocontainers/magicblast:v1.3.0_cv5', 'recipe': '/vagrant/bioconda-recipes/recipes/magicblast'}
{'commands': ['pepnovo -h 2>&1 | grep PepNovo'], 'name': 'biocontainers/pepnovo:v20120423_cv3', 'recipe': '/vagrant/bioconda-recipes/recipes/pepnovo'}
{'commands': ['danpos.py -h'], 'name': 'biocontainers/danpos:v2.2.2_cv3', 'recipe': '/vagrant/bioconda-recipes/recipes/danpos'}
{'commands': ['zorro'], 'name': 'biocontainers/zorro:v1.0.0_cv2', 'recipe': '/vagrant/bioconda-recipes/recipes/zorro'}
{'commands': ['TPMCalculator -version 2>&1 | grep Usage'], 'name': 'biocontainers/tpmcalculator:v0.0.1_cv5', 'recipe': '/vagrant/bioconda-recipes/recipes/tpmcalculator'}
{'imports': ['dimspy', 'dimspy.models', 'dimspy.portals', 'dimspy.process'], 'name': 'biocontainers/dimspy:phenomenal-v1.1.0_cv1.1.13', 'recipe': '/vagrant/bioconda-recipes/recipes/dimspy'}
{'commands': ['gatk3-register --help'], 'name': 'biocontainers/gatk:v3.4_cv1', 'recipe': '/vagrant/bioconda-recipes/recipes/gatk'}
{'commands': ['command -v add-json.pl'], 'name': 'biocontainers/jbrowse:v1.11.6_cv2', 'recipe': '/vagrant/bioconda-recipes/recipes/jbrowse'}
{'imports': ['nmrml2isa'], 'commands': ['nmrml2isa --help'], 'name': 'biocontainers/nmrml2isa:phenomenal-v0.3.0_cv0.2.12', 'recipe': '/vagrant/bioconda-recipes/recipes/nmrml2isa'}