biocontainers/comet:v2016011_cv5
biocontainers/picard-tools:v2.18.25dfsg-2-deb_cv1
biocontainers/tabix:v1.9-11-deb_cv1
biocontainers/biocontainers:latest
biocontainers/transcriptclean:v2.0.2_cv1
biocontainers/freecontact:v1.1-4-deb-py2_cv1
biocontainers/talon:v4.4_cv3
biocontainers/abacas:v1.3.1-5-deb_cv1
biocontainers/avro:v1.8.2dfsg-2-deb-py2_cv1
biocontainers/odil:v0.10.0-3-deb-py3_cv1
biocontainers/bx-tools:v0.8.2-1-deb-py2_cv1
biocontainers/biopython:v1.73dfsg-1-deb-py3_cv1
biocontainers/burrito:v0.9.1-3-deb-py3_cv1
biocontainers/bz2file:v0.98-2-deb-py3_cv1
biocontainers/pyvcf:v0.6.8git20170215.476169c-1-deb_cv1
biocontainers/bcbio:v1.1.2-3-deb-py3_cv1
biocontainers/colormap:v1.0.2-1-deb-py2_cv1
biocontainers/biom-format:v2.1.7dfsg-2-deb-py3_cv1
biocontainers/easydev:v0.9.37-1-deb-py3_cv1
biocontainers/fitbit:v0.3.0-4-deb-py2_cv1
biocontainers/hl7:v0.3.4-3-deb-py3_cv1
biocontainers/mia:v0.1.9-2b1-deb-py2_cv1
biocontainers/matplotlib-venn:v0.11.5-5-deb-py3_cv1
biocontainers/pbgenomicconsensus:v2.3.2-5-deb_cv1
biocontainers/tvc:v5.0.3git20151221.80e144edfsg-2-deb_cv1
biocontainers/multipletau:v0.3.3ds-1-deb-py2_cv1
biocontainers/ngs:v2.9.3-1-deb-py3_cv1
biocontainers/kineticstools:v0.6.1git20180425.27a1878-2-deb_cv1
biocontainers/pbconsensuscore:v1.1.1dfsg-1-deb-py3_cv1
biocontainers/rdflib-jsonld:v0.4.0-4-deb-py3_cv1
biocontainers/sqlsoup:v0.9.1-3-deb-py3_cv1
biocontainers/mypy:v0.670-2-deb_cv1
biocontainers/xopen:v0.5.0-2-deb-py3_cv1
biocontainers/openslide:v1.1.1-4-deb-py2_cv1
biocontainers/aghermann:v1.1.2-2-deb_cv1
biocontainers/adun.app:v0.81-13-deb_cv1
biocontainers/aegean:v0.16.0dfsg-1-deb_cv1
biocontainers/alien-hunter:v1.7-7-deb_cv1
biocontainers/acedb-other-belvu:v4.9.39dfsg.02-4-deb_cv1
biocontainers/augustus-data:v3.3.2dfsg-2-deb_cv1
biocontainers/acedb-other:v4.9.39dfsg.02-4-deb_cv1
biocontainers/axe-demultiplexer:v0.3.3dfsg-1-deb_cv1
biocontainers/aeskulap:v0.2.2-beta2git20180219.8787e95-2-deb_cv1
biocontainers/amide:v1.0.5-12b1-deb_cv1
biocontainers/arden:v1.0-4-deb_cv1
biocontainers/beast-mcmc:v1.10.4dfsg-1-deb_cv1
biocontainers/aevol:v5.0-2b1-deb_cv1
biocontainers/ballview:v1.5.0git20180813.37fc53c-3-deb_cv1
biocontainers/artfastqgenerator:v0.0.20150519-3-deb_cv1
biocontainers/altree:v1.3.1-7b1-deb_cv1
biocontainers/adun-core:v0.81-13-deb_cv1
biocontainers/acedb-other-dotter:v4.9.39dfsg.02-4-deb_cv1
biocontainers/autodock-getdata:v4.2.6-6-deb_cv1
biocontainers/anfo:v0.98-7-deb_cv1
biocontainers/beast2-mcmc:v2.5.1dfsg-2-deb_cv1
biocontainers/ampliconnoise:v1.29-8-deb_cv1
biocontainers/bedtools-test:v2.27.1dfsg-4-deb_cv1
biocontainers/amap-align:v2.2git20080214.600fc29dfsg-1-deb_cv1
biocontainers/autodock:v4.2.6-6-deb_cv1
biocontainers/art-nextgen-simulation-tools-profiles:v20160605dfsg-3-deb_cv1
biocontainers/art-nextgen-simulation-tools:v20160605dfsg-3-deb_cv1
biocontainers/alter-sequence-alignment:v1.3.4-2-deb_cv1
biocontainers/autogrid-test:v4.2.6-6-deb_cv1
biocontainers/biopython-sql:v1.73dfsg-1-deb-py3_cv1
biocontainers/autodock-test:v4.2.6-6-deb_cv1
biocontainers/ball:v1.5.0git20180813.37fc53c-3-deb-py2_cv1
biocontainers/autogrid:v4.2.6-6-deb_cv1
biocontainers/biom-format-tools:v2.1.7dfsg-2-deb_cv1
biocontainers/bart:v0.4.04-2-deb_cv1
biocontainers/bio-eagle:v2.4.1-1-deb_cv1
biocontainers/bali-phy:v3.4dfsg-1-deb_cv1
biocontainers/bioperl-run:v1.7.2-4-deb_cv1
biocontainers/beads:v1.1.18dfsg-3-deb_cv1
biocontainers/biomaj3-zipkin:v0.2.2-1-deb-py3_cv1
biocontainers/bioperl:v1.7.2-3-deb_cv1
biocontainers/bio-tradis:v1.4.1dfsg-1-deb_cv1
biocontainers/bart-view:v0.1.00-2-deb_cv1
biocontainers/belvu:v4.44.1dfsg-3-deb_cv1
biocontainers/biomaj3-cli:v3.1.10-1-deb-py3_cv1
biocontainers/berkeley-express:v1.5.2dfsg-1b2-deb_cv1
biocontainers/biomaj3-user:v3.0.6-2-deb-py3_cv1
biocontainers/biomaj3-process:v3.0.11-1-deb-py3_cv1
biocontainers/biomaj3-core:v3.0.15-1-deb-py3_cv1
biocontainers/bio-rainbow:v2.0.4dfsg-1-deb_cv1
biocontainers/biomaj3-download:v3.0.19-1-deb-py3_cv1
biocontainers/biomaj3-daemon:v3.0.17-1-deb-py3_cv1
biocontainers/biomaj3:v3.1.6-1-deb-py3_cv1
biocontainers/biotools:v1.2.12-3-deb-py3_cv1
biocontainers/blast2:v1-2.8.1-1-deb_cv1
biocontainers/biosyntax-less:v1.0.0b-1-deb_cv1
biocontainers/brig:v0.95dfsg-2-deb_cv1
biocontainers/biosyntax-common:v1.0.0b-1-deb_cv1
biocontainers/biosquid:v1.9gcvs20050121-11-deb_cv1
biocontainers/biosyntax-example:v1.0.0b-1-deb_cv1
biocontainers/boxshade:v3.3.1-12-deb_cv1
biocontainers/biosql:v1.73dfsg-1-deb-py2_cv1
biocontainers/biosyntax-gedit:v1.0.0b-1-deb_cv1
biocontainers/unanimity:v3.3.0dfsg-2.1-deb_cv1
biocontainers/sweed:v3.2.1dfsg-1-deb_cv1
biocontainers/bitseq:v0.7.5dfsg-4-deb_cv1
biocontainers/soapsnp:v1.03-3-deb_cv1
biocontainers/bppphyview:v0.6.1-1-deb_cv1
biocontainers/bolt-lmm:v2.3.2dfsg-3b1-deb_cv1
biocontainers/bppsuite:v2.4.1-1-deb_cv1
biocontainers/biosyntax:v1.0.0b-1-deb_cv1
biocontainers/cdbfasta:v0.99-20100722-5-deb_cv1
biocontainers/blixem:v4.44.1dfsg-3-deb_cv1
biocontainers/bolt-lmm-example:v2.3.2dfsg-3-deb_cv1
biocontainers/biosyntax-vim:v1.0.0b-1-deb_cv1
biocontainers/clustalx:v2.1lgpl-8-deb_cv1
biocontainers/cain:v1.10dfsg-3-deb_cv1
biocontainers/crac:v2.5.0dfsg-3-deb_cv1
biocontainers/camitk-actionstatemachine:v4.1.2-3-deb_cv1
biocontainers/ctsim-help:v6.0.2-2-deb_cv1
biocontainers/clips:v1.0.7.348clips-4-deb-py2_cv1
biocontainers/chimeraslayer:v20101212dfsg1-2-deb_cv1
biocontainers/ctsim:v6.0.2-2-deb_cv1
biocontainers/ctdconverter:v2.0-4-deb_cv1
biocontainers/cwltool:v1.0.20181217162649dfsg-10-deb_cv1
biocontainers/ctdopts:v1.2-3-deb-py3_cv1
biocontainers/ctn:v3.2.0dfsg-6b1-deb_cv1
biocontainers/ctn-dev:v3.2.0dfsg-6b1-deb_cv1
biocontainers/cct:v20170919dfsg-1-deb_cv1
biocontainers/cain-solvers:v1.10dfsg-3-deb_cv1
biocontainers/bx:v0.8.2-1-deb-py2_cv1
biocontainers/camitk-imp:v4.1.2-3-deb_cv1
biocontainers/camitk-config:v4.1.2-3-deb_cv1
biocontainers/clonalorigin:v1.0-3-deb_cv1
biocontainers/clonalframe:v1.2-9-deb_cv1
biocontainers/cobra-data:v0.14.1-1-deb-py2_cv1
biocontainers/chromimpute:v1.0.3dfsg-1-deb_cv1
biocontainers/corepywrap:v1.005-6-deb-py2_cv1
biocontainers/chromhmm-example:v1.18dfsg-1-deb_cv1
biocontainers/conservation-code:v20110309.0-7-deb_cv1
biocontainers/concavity:v0.1dfsg.1-4-deb_cv1
biocontainers/fastlink:v4.1P-fix100dfsg-2-deb_cv1
biocontainers/elastix:v4.9.0-1-deb_cv1
biocontainers/consensuscore2:v3.3.0dfsg-2.1-deb-py2_cv1
biocontainers/gbrowse:v2.56dfsg-4-deb_cv1
biocontainers/cycle:v0.3.1-14-deb_cv1
biocontainers/colormath:v3.0.0-1-deb-py3_cv1
biocontainers/cfflib:v2.0.5-3-deb-py2_cv1
biocontainers/gbrowse-calign:v2.56dfsg-4b1-deb_cv1
biocontainers/embassy-domsearch:v1-0.1.660-3-deb_cv1
biocontainers/dssp:v3.0.0-3b1-deb_cv1
biocontainers/emboss-data:v6.6.0dfsg-7-deb_cv1
biocontainers/fis-gtm:v6.3-007-1-deb_cv1
biocontainers/fastaq:v3.17.0-2-deb_cv1
biocontainers/emboss-lib:v6.6.0dfsg-7b1-deb_cv1
biocontainers/dnaclust:v3-6b1-deb_cv1
biocontainers/emboss-explorer:v2.2.0-10-deb_cv1
biocontainers/fastqtl:v2.184dfsg-6b1-deb_cv1
biocontainers/dcm2niix:v1.0.20181125-1-deb_cv1
biocontainers/fml-asm:v0.1-5-deb_cv1
biocontainers/dazzdb:v1.0git20180908.0bd5e07-1-deb_cv1
biocontainers/edfbrowser:v1.67dfsg-1-deb_cv1
biocontainers/emboss-test:v6.6.0dfsg-7-deb_cv1
biocontainers/flexbar:v1-3.4.0-2-deb_cv1
biocontainers/dicompyler:v0.4.2.0-2-deb_cv1
biocontainers/embassy-domalign:v0.1.660-3-deb_cv1
biocontainers/ffindex:v0.9.9.9-2-deb_cv1
biocontainers/gdcm:v2.8.8-9-deb-py3_cv1
biocontainers/edtsurf:v0.2009-6-deb_cv1
biocontainers/fastx-toolkit:v0.0.14-6-deb_cv1
biocontainers/embassy-domainatrix:v0.1.660-3-deb_cv1
biocontainers/dicomscope:v3.6.0-20-deb_cv1
biocontainers/dialign-tx-data:v1.0.2-12-deb_cv1
biocontainers/galileo:v0.5.1-6-deb_cv1
biocontainers/diamond-aligner:v0.9.24dfsg-1-deb_cv1
biocontainers/gbrowse-data:v2.56dfsg-4-deb_cv1
biocontainers/galileo-daemon:v0.5.1-6-deb_cv1
biocontainers/gdpc:v2.2.5-9-deb_cv1
biocontainers/disulfinder-data:v1.2.11-8-deb_cv1
biocontainers/freediams-doc-fr:v0.9.4-2-deb_cv1
biocontainers/fastdnaml:v1.2.2-14-deb_cv1
biocontainers/dialign:v2.2.1-10-deb_cv1
biocontainers/disulfinder:v1.2.11-8-deb_cv1
biocontainers/gasic:v0.0.r19-4-deb_cv1
biocontainers/fitgcp:v0.0.20150429-2-deb_cv1
biocontainers/genometools-common:v1.5.10ds-3-deb_cv1
biocontainers/dindel:v1.01-wu1-3dfsg-1b1-deb_cv1
biocontainers/garli:v2.1-3-deb_cv1
biocontainers/edlib-aligner:v1.2.4-1-deb_cv1
biocontainers/freediams-doc-en:v0.9.4-2-deb_cv1
biocontainers/dicom3tools:v1.0020180803063840-1-deb_cv1
biocontainers/deepnano:v0.0git20170813.e8a621e-3-deb_cv1
biocontainers/estscan:v3.0.3-3-deb_cv1
biocontainers/freediams:v0.9.4-2-deb_cv1
biocontainers/examl:v3.0.21-2-deb_cv1
biocontainers/deepnano-data:v0.0git20170813.e8a621e-3-deb_cv1
biocontainers/elph:v1.0.1-2-deb_cv1
biocontainers/dotter:v4.44.1dfsg-3-deb_cv1
biocontainers/e-mem:v1.0.1-2-deb_cv1
biocontainers/depinfo:v1.4.0-1-deb-py3_cv1
biocontainers/fw4spl:v17.2.0-2-deb_cv1
biocontainers/htslib-test:v1.9-11-deb_cv1
biocontainers/gatb-core-testdata:v1.4.1git20181225.44d5a44dfsg-3-deb_cv1
biocontainers/gatb-core:v1.4.1git20181225.44d5a44dfsg-3-deb_cv1
biocontainers/genometester:v4.0git20180508.a9c14a6dfsg-1-deb_cv1
biocontainers/garli-mpi:v2.1-3-deb_cv1
biocontainers/fis-gtm-6.3-007:v6.3-007-1-deb_cv1
biocontainers/glam2:v1064-5-deb_cv1
biocontainers/grinder:v0.5.4-5-deb_cv1
biocontainers/gnumed-client:v1.7.5dfsg-3-deb_cv1
biocontainers/gff2ps:v0.98l-2-deb_cv1
biocontainers/gnumed-client-de:v1.7.5dfsg-3-deb_cv1
biocontainers/gff2aplot:v2.0-11-deb_cv1
biocontainers/gnumed-common:v1.7.5dfsg-3-deb_cv1
biocontainers/gnumed-server:v22.5-1-deb_cv1
biocontainers/getdata:v0.2-3-deb_cv1
biocontainers/gentle:v1.9cvs20100605dfsg1-7b1-deb_cv1
biocontainers/ginkgocadx:v3.8.8-1-deb_cv1
biocontainers/giira:v0.0.20140625-2-deb_cv1
biocontainers/golang-github-dataence-porter2-dev:v0.0git20150829.56e4718-2-deb_cv1
biocontainers/gwyddion-common:v2.52-1-deb_cv1
biocontainers/hdmedians:v0.13git20171027.8e0e9e3-1-deb-py3_cv1
biocontainers/hmmer2-pvm:v2.3.2dfsg-6-deb_cv1
biocontainers/harvest-tools:v1.3-4-deb_cv1
biocontainers/gwyddion-plugins:v2.52-1-deb_cv1
biocontainers/hilive:v1.1-2-deb_cv1
biocontainers/gwyddion:v2.52-1-deb_cv1
biocontainers/hhsuite-data:v3.0beta3dfsg-3-deb_cv1
biocontainers/hinge:v0.5.0-4-deb_cv1
biocontainers/ipig:v0.0.r5-3-deb_cv1
biocontainers/jellyfish:v2.2.10-2-deb_cv1
biocontainers/hunspell-de-med:v20160103-3-deb_cv1
biocontainers/ismrmrd-tools:v1.4.0-1-deb_cv1
biocontainers/hyphy-common:v2.3.14dfsg-1-deb_cv1
biocontainers/imagej:v1.52j-1-deb_cv1
biocontainers/intervaltree-bio:v1.0.1-3-deb-py3_cv1
biocontainers/hyphy-mpi:v2.3.14dfsg-1-deb_cv1
biocontainers/kineticstools-data:v0.6.1git20180425.27a1878-2-deb_cv1
biocontainers/hunspell-en-med:v0.0.20140410-1-deb_cv1
biocontainers/ismrmrd-schema:v1.4.0-1-deb_cv1
biocontainers/indelible:v1.03-4-deb_cv1
biocontainers/imagevis3d:v3.1.0-7b2-deb_cv1
biocontainers/invesalius:v3.1.99992-3-deb_cv1
biocontainers/hyphy-pt:v2.3.14dfsg-1-deb_cv1
biocontainers/invesalius-bin:v3.1.99992-3-deb_cv1
biocontainers/king:v2.23.161103dfsg1-3-deb_cv1
biocontainers/khmer-common:v2.1.2dfsg-6-deb_cv1
biocontainers/jmodeltest:v2.1.10dfsg-7-deb_cv1
biocontainers/insighttoolkit4-python:v4.12.2-dfsg1-4b1-deb_cv1
biocontainers/kmer:v020150903r2013-6-deb_cv1
biocontainers/kalign:v1-2.0320110620-5-deb_cv1
biocontainers/king-probe:v2.16.160404git20180613.a09b012-1-deb_cv1
biocontainers/lambda-align:v1.0.3-5-deb_cv1
biocontainers/igor:v1.3.0dfsg-1-deb_cv1
biocontainers/jellyfish1:v1.1.11-4-deb_cv1
biocontainers/jemboss:v6.6.0dfsg-7-deb_cv1
biocontainers/jaligner:v1.0dfsg-6-deb_cv1
biocontainers/lamarc:v2.1.10.1dfsg-3-deb_cv1
biocontainers/lagan:v2.0-3-deb_cv1
biocontainers/jenkins_version:latest
biocontainers/soapdenovo:v1.05-5-deb_cv1
biocontainers/macsyfinder:v1.0.5-2-deb_cv1
biocontainers/leaff:v020150903r2013-6-deb_cv1
biocontainers/ltrsift:v1.0.2-8-deb_cv1
biocontainers/loki:v2.4.7.4-8-deb_cv1
biocontainers/mapdamage:v2.0.9dfsg-1-deb_cv1
biocontainers/macs:v2.1.2.1-1-deb_cv1
biocontainers/last-align:v963-2-deb_cv1
biocontainers/maffilter:v1.3.1dfsg-1b1-deb_cv1
biocontainers/maqview:v0.2.5-9-deb_cv1
biocontainers/maq:v0.7.1-8-deb_cv1
biocontainers/logol-bin:v1.7.9-1-deb_cv1
biocontainers/metaphlan2-data:v2.6.0ds-4-deb_cv1
biocontainers/mia-doctools:v2.4.6-4-deb_cv1
biocontainers/lucy:v1.20-1-deb_cv1
biocontainers/melting:v5.2.0-1-deb_cv1
biocontainers/metastudent-data:v2.0.1-4-deb_cv1
biocontainers/metastudent-data-2:v1.0.0-4-deb_cv1
biocontainers/maude:v2.7-2b2-deb_cv1
biocontainers/mencal:v3.0-4-deb_cv1
biocontainers/mauve-aligner:v2.4.04736-1-deb_cv1
biocontainers/medcon:v0.16.1dfsg-1-deb_cv1
biocontainers/mialmpick:v0.2.14-2-deb_cv1
biocontainers/metastudent:v2.0.1-6-deb_cv1
biocontainers/mira-rfam-12s-rrna:v4.9.6-4-deb_cv1
biocontainers/mobyle-tutorials:v1.5.0-4-deb_cv1
biocontainers/plink1.9:v1.90b6.6-181012-1-deb_cv1
biocontainers/lzstring:v1.0.4-1-deb-py3_cv1
biocontainers/mne:v0.17dfsg-1-deb-py2_cv1
biocontainers/mobyle-utils:v1.5.5dfsg-6-deb_cv1
biocontainers/mia-viewit:v1.0.5-2-deb_cv1
biocontainers/lambda-align2:v2.0.0-6-deb_cv1
biocontainers/mira-assembler:v4.9.6-4b1-deb_cv1
biocontainers/mobyle:v1.5.5dfsg-6-deb_cv1
biocontainers/mobyle-programs:v5.1.2-3-deb_cv1
biocontainers/mlv-smile:v1.47-6-deb_cv1
biocontainers/microbiomeutil-data:v20101212dfsg1-2-deb_cv1
biocontainers/microbegps:v1.0.0-3-deb_cv1
biocontainers/microbiomeutil:v20101212dfsg1-2-deb_cv1
biocontainers/mipe:v1.1-7-deb_cv1
biocontainers/mia-tools:v2.4.6-4-deb_cv1
biocontainers/minimac4:v1.0.0-2-deb_cv1
biocontainers/minc-tools:v2.3.00dfsg-3b1-deb_cv1
biocontainers/mptp:v0.2.4-1-deb_cv1
biocontainers/pbjelly:v15.8.24dfsg-3-deb_cv1
biocontainers/ncbi-blast-plus-legacy:v2.8.1-1-deb_cv1
biocontainers/nast-ier:v20101212dfsg1-2-deb_cv1
biocontainers/murasaki-mpi:v1.68.6-8b1-deb_cv1
biocontainers/mriconvert:v1-2.1.0-3-deb_cv1
biocontainers/pbsuite:v15.8.24dfsg-3-deb_cv1
biocontainers/ncbi-blast-plus:v2.8.1-1-deb_cv1
biocontainers/orthanc-webviewer:v2.5-1-deb_cv1
biocontainers/perlprimer:v1.2.4-1-deb_cv1
biocontainers/ncbi-tools-x11:v6.1.20170106-6-deb_cv1
biocontainers/nutsqlite:v2.0.6-1-deb_cv1
biocontainers/murasaki:v1.68.6-8b1-deb_cv1
biocontainers/mrs:v6.0.5dfsg-7b2-deb_cv1
biocontainers/plip:v1.4.3bdfsg-2-deb_cv1
biocontainers/ncbi-data:v6.1.20170106-6-deb_cv1
biocontainers/orthanc-postgresql:v3.2-1-deb_cv1
biocontainers/orthanc-imagej:v1.2dfsg-1-deb_cv1
biocontainers/ncbi-tools-bin:v6.1.20170106-6-deb_cv1
biocontainers/octave-bart:v0.4.04-2-deb_cv1
biocontainers/pbbanana:v15.8.24dfsg-3-deb-py2_cv1
biocontainers/pirs-profiles:v2.0.2dfsg-8-deb_cv1
biocontainers/ncoils:v2002-7-deb_cv1
biocontainers/ncbi-entrez-direct:v10.9.20190219ds-1b10-deb_cv1
biocontainers/ncbi-seg:v0.0.20000620-5-deb_cv1
biocontainers/orthanc-dicomweb:v0.6dfsg-1-deb_cv1
biocontainers/pbbamtools:v0.19.0dfsg-4-deb_cv1
biocontainers/pixelmed-apps:v20150917git20151209.36f3174dfsg-1-deb_cv1
biocontainers/murasaki-common:v1.68.6-8-deb_cv1
biocontainers/njplot:v2.4-8-deb_cv1
biocontainers/pbsuite-utils:v15.8.24dfsg-3-deb-py2_cv1
biocontainers/ncbi-epcr:v2.3.12-1-7-deb_cv1
biocontainers/mrbayes-mpi:v3.2.6dfsg-2b1-deb_cv1
biocontainers/pbhoney:v15.8.24dfsg-3-deb_cv1
biocontainers/orthanc:v1.5.6dfsg-1-deb_cv1
biocontainers/pbbarcode:v0.8.0-5-deb_cv1
biocontainers/ncl-tools:v2.1.21git20180827.c71b264-2-deb_cv1
biocontainers/ncbi-rrna-data:v6.1.20170106-6-deb_cv1
biocontainers/perm:v0.4.0-4-deb_cv1
biocontainers/pdb2pqr:v2.1.1dfsg-5-deb_cv1
biocontainers/plasmidomics:v0.2.0-7-deb_cv1
biocontainers/pp-popularity-contest:v1.0.6-4b1-deb_cv1
biocontainers/pcalendar:v3.4.1-3-deb_cv1
biocontainers/plast:v2.3.2dfsg-1-deb_cv1
biocontainers/pixelmed-www:v20150917git20151209.36f3174dfsg-1-deb_cv1
biocontainers/orthanc-dev:v1.5.6dfsg-1-deb_cv1
biocontainers/mustang-testdata:v3.2.3-3-deb_cv1
biocontainers/neobio:v0.0.20030929-4-deb_cv1
biocontainers/placnet:v1.03-3-deb_cv1
biocontainers/paraclu:v9-2-deb_cv1
biocontainers/openslide-tools:v3.4.1dfsg-4-deb_cv1
biocontainers/norsnet:v1.0.17-4-deb_cv1
biocontainers/pixelmed-webstart-apps:v20150917git20151209.36f3174dfsg-1-deb_cv1
biocontainers/opencfu:v3.9.0-3-deb_cv1
biocontainers/plast-example:v2.3.2dfsg-1-deb_cv1
biocontainers/nanook:v1.33dfsg-1-deb_cv1
biocontainers/norsp:v1.0.6-4-deb_cv1
biocontainers/plastimatch:v1.7.4dfsg.1-2-deb_cv1
biocontainers/physamp:v1.1.0-1-deb_cv1
biocontainers/phybin:v0.3-3-deb_cv1
biocontainers/parsinsert:v1.04-4-deb_cv1
biocontainers/phyutility:v2.7.3dfsg-2-deb_cv1
biocontainers/mypy-extensions:v0.4.1-1-deb-py3_cv1
biocontainers/poretools-data:v0.6.0dfsg-3-deb_cv1
biocontainers/paleomix:v1.2.13.3-1-deb_cv1
biocontainers/praat:v6.0.48-1-deb_cv1
biocontainers/phyx:v0.999ds-1-deb_cv1
biocontainers/patman:v1.2.2dfsg-5-deb_cv1
biocontainers/pipdeptree:v0.13.2-1-deb-py3_cv1
biocontainers/plasmidseeker:v1.0dfsg-1-deb_cv1
biocontainers/parsinsert-testdata:v1.04-4-deb_cv1
biocontainers/orthanc-mysql:v2.0-2-deb_cv1
biocontainers/populations:v1.2.33svn0120106dfsg-2-deb_cv1
biocontainers/pondus:v0.8.0-4-deb_cv1
biocontainers/sra-toolkit:v2.9.3dfsg-1b1-deb_cv1
biocontainers/orthanc-wsi:v0.6-2-deb_cv1
biocontainers/tree-puzzle:v5.2-11-deb_cv1
biocontainers/pvrg-jpeg:v1.2.1dfsg1-6-deb_cv1
biocontainers/rna-star:v2.7.0adfsg-1-deb_cv1
biocontainers/staden-io-lib-utils:v1.14.11-6-deb_cv1
biocontainers/tree-ppuzzle:v5.2-11-deb_cv1
biocontainers/ssw-align:v1.1-2-deb_cv1
biocontainers/profnet-snapfun:v1.0.22-6-deb_cv1
biocontainers/sphinxcontrib-autoprogram:v0.1.5-1-deb_cv1
biocontainers/stacks-web:v2.2dfsg-1-deb_cv1
biocontainers/qtltools:v1.1dfsg-3b1-deb_cv1
biocontainers/sleepyhead:v1.0.0-beta-2dfsg-6-deb_cv1
biocontainers/typed-ast:v1.3.1-1-deb-py3_cv1
biocontainers/profnet-bval:v1.0.22-6-deb_cv1
biocontainers/vtkgdcm:v2.8.8-9-deb-py3_cv1
biocontainers/relion-bin-plusmpi-plusgui:v1.4dfsg-4-deb_cv1
biocontainers/rampler:v1.1.0-1-deb_cv1
biocontainers/sbmltoolbox:v4.1.0-4-deb_cv1
biocontainers/profphd-utils:v1.0.10-5-deb_cv1
biocontainers/vtk-dicom:v0.8.9-1-deb-py3_cv1
biocontainers/qrisk2:v0.1.20150729-4-deb_cv1
biocontainers/profphd:v1.0.42-3-deb_cv1
biocontainers/reapr:v1.0.18dfsg-4-deb_cv1
biocontainers/relion-bin-plusgui:v1.4dfsg-4-deb_cv1
biocontainers/velvet-example:v1.2.10dfsg1-5-deb_cv1
biocontainers/tigr-glimmer:v3.02b-2-deb_cv1
biocontainers/wise-data:v2.4.1-21-deb_cv1
biocontainers/velvetoptimiser:v2.2.6-2-deb_cv1
biocontainers/sofa-tutorials:v1.0beta4-12-deb_cv1
biocontainers/velvet-tests:v1.2.10dfsg1-5-deb_cv1
biocontainers/qsopt-ex:v2.5.10.3-2-deb_cv1
biocontainers/sofa-data:v1.0beta4-12-deb_cv1
biocontainers/seqsero:v1.0.1dfsg-1-deb_cv1
biocontainers/rnahybrid:v2.1.2-5-deb_cv1
biocontainers/smithwaterman:v0.0git20160702.2610e25-7-deb_cv1
biocontainers/uc-echo:v1.12-11-deb_cv1
biocontainers/sspace:v2.1.1dfsg-4-deb_cv1
biocontainers/relion-bin-plusmpi:v1.4dfsg-4-deb_cv1
biocontainers/tifffile:v20181128-1-deb_cv1
biocontainers/zstd:v1.3.8dfsg-3-deb_cv1
biocontainers/schema-salad:v3.0.20181206233650-2-deb-py3_cv1
biocontainers/qtltools-example:v1.1dfsg-3-deb_cv1
biocontainers/sphinxcontrib.autoprogram:v0.1.5-1-deb-py3_cv1
biocontainers/rdp-classifier:v2.10.2-4-deb_cv1
biocontainers/ruby-rgfa:v1.3.1dfsg-1-deb_cv1
biocontainers/profnet-md:v1.0.22-6-deb_cv1
biocontainers/profnet-isis:v1.0.22-6-deb_cv1
biocontainers/velvet-long:v1.2.10dfsg1-5-deb_cv1
biocontainers/rtax:v0.984-6-deb_cv1
biocontainers/rdp-alignment:v1.2.0-5-deb_cv1
biocontainers/unicycler-data:v0.4.7dfsg-2-deb_cv1
biocontainers/spaced:v1.2.0-201605dfsg-1-deb_cv1
biocontainers/sofa-apps:v1.0beta4-12b2-deb_cv1
biocontainers/proftmb:v1.1.12-8-deb_cv1
biocontainers/subread-data:v1.6.3dfsg-1-deb_cv1
biocontainers/scythe:v0.994git20141017.20d3cff-1-deb_cv1
biocontainers/proalign:v0.603-4-deb_cv1
biocontainers/vtk-dicom-tools:v0.8.9-1-deb_cv1
biocontainers/saint:v2.5.0dfsg-3-deb_cv1
biocontainers/seaview:v1-4.7-1-deb_cv1
biocontainers/theseus:v3.3.0-8-deb_cv1
biocontainers/spread-phy:v1.0.7dfsg-2-deb_cv1
biocontainers/profnet-norsnet:v1.0.22-6-deb_cv1
biocontainers/zalign:v0.9.1-4-deb_cv1
biocontainers/relion-bin:v1.4dfsg-4-deb_cv1
biocontainers/profnet-con:v1.0.22-6-deb_cv1
biocontainers/varna:v3-93ds-2-deb_cv1
biocontainers/probcons-extra:v1.12-12-deb_cv1
biocontainers/xmedcon:v0.16.1dfsg-1-deb_cv1
biocontainers/wise:v2.4.1-21-deb_cv1
biocontainers/tm-align:v20170708dfsg-2-deb_cv1
biocontainers/tnseq-transit:v2.3.4-1-deb_cv1
biocontainers/profphd-net:v1.0.22-6-deb_cv1
biocontainers/treeviewx:v0.5.1git20100823.7e4d0e9-1-deb_cv1
biocontainers/prottest:v3.4.2dfsg-3-deb_cv1
biocontainers/runcircos-gui:v0.0git20180828.97703b9-1-deb_cv1
biocontainers/profbval:v1.0.22-6-deb_cv1
biocontainers/profnet-prof:v1.0.22-6-deb_cv1
biocontainers/seqan-dev:v1.4.2dfsg-3-deb_cv1
biocontainers/trinityrnaseq:v2.6.6dfsg-6-deb_cv1
biocontainers/staden:v2.0.0b11-4-deb_cv1
biocontainers/probabel:v0.5.0dfsg-3-deb_cv1
biocontainers/prime-phylo:v1.0.11-7b1-deb_cv1
biocontainers/radiant:v2.7dfsg-2-deb_cv1
biocontainers/profisis:v1.0.11-5-deb_cv1
biocontainers/sim4:v0.0.20121010-5-deb_cv1
biocontainers/ray-extra:v2.3.1-6-deb_cv1
biocontainers/sumatra:v1.0.31-2-deb_cv1
biocontainers/seqan-apps:v2.4.0dfsg-11-deb_cv1
biocontainers/raster3d:v3.0-3-5-deb_cv1
biocontainers/profnet-chop:v1.0.22-6-deb_cv1
biocontainers/pycorrfit:v1.1.5dfsg-1-deb_cv1
biocontainers/pyscanfcs:v0.3.2ds-2-deb_cv1
biocontainers/repeatmasker-recon:v1.08-4-deb_cv1
biocontainers/predictnls:v1.0.20-5-deb_cv1
biocontainers/pysam-tests:v0.15.2ds-2-deb-py2_cv1
biocontainers/reprof:v1.0.1-6-deb_cv1
biocontainers/suitename:v0.3.070628-2-deb_cv1
biocontainers/rate4site:v3.0.0-6-deb_cv1
biocontainers/surankco:v0.0.r5dfsg-2-deb_cv1
biocontainers/probalign:v1.4-8-deb_cv1
biocontainers/sigma-align:v1.1.3-6-deb_cv1
biocontainers/samtools-test:v1.9-4-deb_cv1
biocontainers/pynast:v1.2.2-4-deb_cv1
biocontainers/wigeon:v20101212dfsg1-2-deb_cv1
biocontainers/sumtrees:v4.4.0-1-deb_cv1
biocontainers/sibsim4:v0.20-4-deb_cv1
biocontainers/psortb:v3.0.6dfsg-1b1-deb_cv1
biocontainers/pscan-chip-data:v1.1-2-deb_cv1
biocontainers/pscan-chip:v1.1-2-deb_cv1
biocontainers/pyflow:v1.1.20-1-deb-py2_cv1
biocontainers/pyqi:v0.3.2dfsg-3-deb_cv1
biocontainers/treeview:v1.1.6.4dfsg1-4-deb_cv1
biocontainers/seqprep-data:v1.3.2-3-deb_cv1
biocontainers/toppred:v1.10-7-deb_cv1
biocontainers/staden-common:v2.0.0b11-4-deb_cv1
biocontainers/pscan-tfbs:v1.2.2-3-deb_cv1
biocontainers/sbml5:v5.17.2dfsg-3-deb-py3_cv1
biocontainers/rapmap-dev:v0.12.0dfsg-3-deb_cv1
biocontainers/pybedtools-bin:v0.8.0-1-deb_cv1
biocontainers/trace2dbest:v3.0.1-1-deb_cv1
biocontainers/rapmap-example-data:v0.12.0dfsg-3-deb_cv1
biocontainers/tracetuner:v3.0.6betadfsg-1-deb_cv1
biocontainers/smalr:v1.1dfsg-2-deb_cv1
biocontainers/suffixfsm:v0.0git20150829.56e4718-2-deb_cv1
biocontainers/wgerman-medical:v20160103-3-deb_cv1
biocontainers/simpleitk:v1.0.1-3-deb-py3_cv1
biocontainers/spectra:v0.0.11-1-deb-py3_cv1
biocontainers/peptideprophet:v201510131012_cv3
biocontainers/roguenarok:v1.0-3-deb_cv1
biocontainers/guidance2:v2.02_cv1
biocontainers/proteinprophet:v201510131012_cv4
biocontainers/openms:v1.11.1-3_cv2
biocontainers/test-ci:v0.0.2_cv3
biocontainers/biotools-pr:latest
biocontainers/philosopher:v2.0.0_cv2.0.0
biocontainers/fastxtools:v0.0.14_cv2
biocontainers/anchore-cli:latest
biocontainers/dia-umpire:v1.4256_cv2
biocontainers/msgfp:v9949_cv4
biocontainers/clustal-omega:v1.2.1_cv5
biocontainers/longranger:v2.2.2_cv2
biocontainers/denovogui:v1.10.4_cv4
biocontainers/mzquality:phenomenal-v0.9.5_cv0.9.5.15
biocontainers/peptideshaker:v1.10.3_cv3
biocontainers/jenkins_spec_check:latest
biocontainers/phenomenal-portal:latest
biocontainers/pia:v1.3.0_cv2
biocontainers/novor:v1b_cv5
biocontainers/interproscan:v5.30-69.0_cv3
biocontainers/cava:v1.1.1_cv2
biocontainers/msamanda:v1.0.0.5242_cv4
biocontainers/metabomatching:phenomenal-v0.2.1_cv0.5.67
biocontainers/mtblisa:phenomenal-v0.10.2_cv0.7.14.102
biocontainers/batch_correction:phenomenal-v2.2.3_cv1.1.15
biocontainers/isatab-create:phenomenal-v0.10.2_cv0.5.4.81
biocontainers/pepnovop:20120423
biocontainers/galaxy-rna-seq-training:readme-patching
biocontainers/ms-vfetc:phenomenal-v0.6_cv1.1.27
biocontainers/saintq:v0.0.2_cv3
biocontainers/scp-aspera:phenomenal-v3.7.2_cv0.3.16
biocontainers/iso2flux:phenomenal-v0.7.1_cv2.1.60
biocontainers/crux:v3.2_cv3
biocontainers/ipo:develop
biocontainers/isatab2json:phenomenal-v0.10.0_cv0.6.1.69
biocontainers/isodyn:phenomenal-v1.0_cv0.2.52
biocontainers/metfrag-cli-batch:phenomenal-v2.4.5_cv0.9.73
biocontainers/mtbls-dwnld:phenomenal-v4.1.3_cv2.0.34
biocontainers/biosigner:phenomenal-v2.2.8_cv1.4.26
biocontainers/msnbase:phenomenal-v2.2_cv1.0.64
biocontainers/isatab-validator:phenomenal-v0.10.0_cv0.7.1.42
biocontainers/metabolab:phenomenal-v2018.01171502_cv0.1.84
biocontainers/midcor:phenomenal-v1.0_cv1.0.55
biocontainers/nmrmlconv:phenomenal-v1.1b_cv0.6.55
biocontainers/tandem:v10-12-01-1_cv3
biocontainers/json2isatab:phenomenal-v0.9.4_cv0.5.39
biocontainers/ramid:phenomenal-v1.0_cv1.0.18
biocontainers/jupyter:phenomenal-v387f29b6ca83_cv0.4.12
biocontainers/galaxy-k8s-runtime:phenomenal-v18.01-pheno-isa_cv1.7.289
biocontainers/isajson-validator:phenomenal-v0.9.4_cv0.4.38
biocontainers/ddi-web-app:latest
biocontainers/mtbls-factors-viz:phenomenal-v0.5_cv0.4.2.19
biocontainers/xcms:phenomenal-v3.0.0_cv0.1.76
biocontainers/multivariate:phenomenal-v2.3.12_cv1.3.24
biocontainers/papy:phenomenal-v2.0_cv1.0.28
biocontainers/batman:phenomenal-v1.2.12.0_cv1.1.72
biocontainers/isa2w4m:phenomenal-v1.1.0_cv1.4.11
biocontainers/escher-fluxomics:phenomenal-v1.6.0-beta.4_cv1.1.20
biocontainers/metfrag-cli:phenomenal-v2.4.5_cv0.4.28
biocontainers/transformation:phenomenal-v2.2.2_cv1.2.8
biocontainers/lcmsmatching:phenomenal-v3.4.3_cv1.5.70
biocontainers/ssaha2:v2.5.5_cv3
biocontainers/rnmr:phenomenal-v1.1.9_cv0.2.1024
biocontainers/metfrag-vis:phenomenal-v0.4.1_cv0.5.31
biocontainers/mw2isa:phenomenal-v0.9.4_cv0.5.34
biocontainers/phnml-jupyter:latest
biocontainers/mtbl-labs-uploader:phenomenal-v0.1.1_cv0.5.16
biocontainers/rnmr1d:phenomenal-v1.2.22_cv0.3.49
biocontainers/qualitymetrics:phenomenal-v2.2.11_cv1.0.11
biocontainers/metaboliteidconverter:phenomenal-v0.5.1_cv1.2.31
biocontainers/container-mtbls-dwnld:latest
biocontainers/fastcluster:v1.1.22-1-deb-py2_cv1
biocontainers/rbase:phenomenal-v3.4.3-1xenial0_cv0.3.17
biocontainers/sbml2metexplorejsongraph:phenomenal-v1.2_cv1.1.7
biocontainers/tool-generic_filter:phenomenal-vphenomenal_2017.12.12_cv0.2.3
biocontainers/soap-nmr:phenomenal-v1.0_cv0.4.1016
biocontainers/raremetalworker:v4.13.7_cv3
biocontainers/telescoper:v1.0.0_cv3
biocontainers/luigi:phenomenal-v2.6.0_cv0.1.6
biocontainers/speaq:phenomenal-v2.3.1_cv1.0.1.13
biocontainers/shotmap:v1.0.0_cv3
biocontainers/gcta:v1.24.7_cv3
biocontainers/partitionfinder2:v2.1.1_cv3
biocontainers/dictobj:v0.4-1-deb-py2_cv1
biocontainers/seq_crumbs:v0.1.9_cv3
biocontainers/univariate:phenomenal-v2.2.6_cv1.3.32
biocontainers/gapcloser:v1.12-r6_cv3
biocontainers/famli:v1.0_cv2
biocontainers/aliscore:v2.0_cv4
biocontainers/isa-extractor:phenomenal-v1.1.3_cv1.0.5
biocontainers/eosc-pilot:v1.0-remastering_cv1.0
biocontainers/pymol-jupiter:v1.0.0_cv2
biocontainers/normalization:phenomenal-v1.0.6_cv1.1.3
biocontainers/progressivecactus:0.1
biocontainers/frc_align:v20150723_cv3
biocontainers/visionegg:v1.2.1-2-deb-py2_cv1
biocontainers/integron-finder:v1.5.1_cv2
biocontainers/python-matplotlib-venn:v0.11.5-1-deb_cv1
biocontainers/python-bz2file:v0.98-1-deb_cv1
biocontainers/coregenebuilder:v1.0_cv2
biocontainers/diffexpir:v0.0.1_cv5
biocontainers/bior_annotate:v2.1.1_cv2
biocontainers/ecomet:phenomenal-v1.1_cv0.3.39
biocontainers/python-kineticstools:v0.6.120161222-1-deb_cv1
biocontainers/python3-dna-jellyfish:v2.2.6-1b1-deb_cv1
biocontainers/python3-xopen:v0.1.1-1-deb_cv1
biocontainers/python-avro:v1.8.1dfsg-1-deb_cv1
biocontainers/python-odil:v0.7.3-1-deb_cv1
biocontainers/python-cutadapt:v1.12-2-deb_cv1
biocontainers/python-pbconsensuscore:v1.0.2-2-deb_cv1
biocontainers/isaslicer:phenomenal-v0.9.5_cv0.1.0.1
biocontainers/epigrass:v2.4.7-1-deb_cv1
biocontainers/falcon:v1.8.6-1.1-deb_cv1
biocontainers/python-biopython-sql:v1.68dfsg-3-deb_cv1
biocontainers/python3-skbio:v0.5.1-2-deb_cv1
biocontainers/smrtanalysis:v020161126-deb_cv1
biocontainers/python-fastcluster:v1.1.22-1-deb_cv1
biocontainers/python3-biopython-sql:v1.68dfsg-3-deb_cv1
biocontainers/python-vtk-dicom:v0.7.10-1b2-deb_cv1
biocontainers/python-pbalign:v0.3.0-1-deb_cv1
biocontainers/pwiz-i-agree-to-the-vendor-licenses:phenomenal-v3.0.18205_cv1.3.58
biocontainers/python-gdcm:v2.6.6-3-deb_cv1
biocontainers/python-fast5:v0.5.8-1b2-deb_cv1
biocontainers/python-pbcore:v1.2.11dfsg-1-deb_cv1
biocontainers/python3-fastcluster:v1.1.22-1-deb_cv1
biocontainers/mothur-mpi:v1.38.1.1-1-deb_cv1
biocontainers/python3-bz2file:v0.98-1-deb_cv1
biocontainers/python-csb:v1.2.3dfsg-3-deb_cv1
biocontainers/skbio:v0.5.1-2-deb-py3_cv1
biocontainers/hyphygui:v2.2.7dfsg-1b2-deb_cv1
biocontainers/python3-pbconsensuscore:v1.0.2-2-deb_cv1
biocontainers/toppas:v1.11.1-3_cv3
biocontainers/python-pbsuite-utils:v15.8.24dfsg-2-deb_cv1
biocontainers/python3-typed-ast:v0.6.3-1-deb_cv1
biocontainers/batchcorrection:phenomenal-vphenomenal_2017.12.14_cv0.3.3
biocontainers/tamenmr:phenomenal-v1.0_cv0.5.10
biocontainers/ebi-webservice:v1.0.0_cv1
biocontainers/python-pbgenomicconsensus:v2.1.0-1-deb_cv1
biocontainers/fis-gtm-6.3-000a:v6.3-000A-1-deb_cv1
biocontainers/python-mne:v0.13.1dfsg-3-deb_cv1
biocontainers/python-xopen:v0.1.1-1-deb_cv1
biocontainers/python3-hl7:v0.3.4-1-deb_cv1
biocontainers/python3-fast5:v0.5.8-1b2-deb_cv1
biocontainers/python-qcli:v0.1.1-1-deb_cv1
biocontainers/melting-gui:v4.3.1dfsg-2-deb_cv1
biocontainers/python3-csb:v1.2.3dfsg-3-deb_cv1
biocontainers/python-vtkgdcm:v2.6.6-3-deb_cv1
biocontainers/python3-rdflib-jsonld:v0.4.0-2-deb_cv1
biocontainers/dna-jellyfish:v2.2.6-1b1-deb-py3_cv1
biocontainers/python-pbbanana:v15.8.24dfsg-2-deb_cv1
biocontainers/python-sqlsoup:v0.9.1-1-deb_cv1
biocontainers/python3-matplotlib-venn:v0.11.5-1-deb_cv1
biocontainers/python-pbcommand:v0.5.3-1-deb_cv1
biocontainers/r-other-mott-happy.hbrem:v2.4-1-deb_cv1
biocontainers/python3-cutadapt:v1.12-2-deb_cv1
biocontainers/python3-sqlsoup:v0.9.1-1-deb_cv1
biocontainers/pwiz:phenomenal-v3.0.18205_cv1.2.54
biocontainers/python-multipletau:v0.1.7ds-1-deb_cv1
biocontainers/smrtanalysis-dev:v020161126-deb_cv1
biocontainers/otf-symbols-circos:v0.69.4dfsg-1-deb_cv1
biocontainers/python3-avro:v1.8.1dfsg-1-deb_cv1
biocontainers/python-tifffile:v20151006-1-deb_cv1
biocontainers/python-hl7:v0.3.4-1-deb_cv1
biocontainers/peptimapper:v2.0.0_cv1
biocontainers/python3-multipletau:v0.1.7ds-1-deb_cv1
biocontainers/openmolar:v1.0.15-gd81f9e5-1-deb_cv1
biocontainers/python-rdflib-jsonld:v0.4.0-2-deb_cv1
biocontainers/filo:v1.1.0-3b1-deb_cv1
biocontainers/python-pysam-tests:v0.10.0ds-2-deb_cv1
biocontainers/python-cogent:v1.9-9-deb_cv1
biocontainers/python-pysam:v0.10.0ds-2-deb_cv1
biocontainers/python-ruffus:v2.6.3dfsg-4-deb_cv1
biocontainers/python-biom-format:v2.1.5dfsg-7-deb_cv1
biocontainers/python-schema-salad:v2.2.20170111180227-1-deb_cv1
biocontainers/python-pyfaidx:v0.4.8.1-1-deb_cv1
biocontainers/python3-openslide:v1.1.1-2-deb_cv1
biocontainers/python3-pysam:v0.10.0ds-2-deb_cv1
biocontainers/python-pyvcf:v0.6.8-1-deb_cv1
biocontainers/biomaj-properties:v1.2.3-11-deb_cv1
biocontainers/stocsy:phenomenal-v0.1.9_cv0.3.2.1
biocontainers/python-freecontact:v1.1-2b2-deb_cv1
biocontainers/python-corepywrap:v1.005-4b3-deb_cv1
biocontainers/predictprotein:v1.1.07-2-deb_cv1
biocontainers/biosquid-dev:v1.9gcvs20050121-7-deb_cv1
biocontainers/python-casmoothing:v0.2-1b1-deb_cv1
biocontainers/python-clips:v1.0.7.348clips-2-deb_cv1
biocontainers/python-burrito:v0.9.1-1-deb_cv1
biocontainers/python-ball:v1.4.3beta1-3-deb_cv1
biocontainers/python-cobra-data:v0.5.9-1-deb_cv1
biocontainers/python-biopython:v1.68dfsg-3-deb_cv1
biocontainers/python-ballview:v1.4.3beta1-3-deb_cv1
biocontainers/python-intervaltree-bio:v1.0.1-1-deb_cv1
biocontainers/python-cobra:v0.5.9-1-deb_cv1
biocontainers/python-fitbit:v0.2.4-1-deb_cv1
biocontainers/python-screed:v0.9-2-deb_cv1
biocontainers/python-openslide:v1.1.1-2-deb_cv1
biocontainers/python-dendropy:v4.2.0dfsg-1-deb_cv1
biocontainers/python-mia:v0.1.9-1-deb_cv1
biocontainers/python-dictobj:v0.4-1-deb_cv1
biocontainers/python-visionegg:v1.2.1-2-deb_cv1
biocontainers/python3-biom-format:v2.1.5dfsg-7-deb_cv1
biocontainers/python3-pyfaidx:v0.4.8.1-1-deb_cv1
biocontainers/python3-intervaltree-bio:v1.0.1-1-deb_cv1
biocontainers/python3-pymummer:v0.10.1-1-deb_cv1
biocontainers/python3-cobra:v0.5.9-1-deb_cv1
biocontainers/python3-burrito:v0.9.1-1-deb_cv1
biocontainers/python3-pyvcf:v0.6.8-1-deb_cv1
biocontainers/python3-biopython:v1.68dfsg-3-deb_cv1
biocontainers/python3-dictobj:v0.4-1-deb_cv1
biocontainers/python3-mia:v0.1.9-1-deb_cv1
biocontainers/python3-dendropy:v4.2.0dfsg-1-deb_cv1
biocontainers/python3-sphinxcontrib.autoprogram:v0.1.2-1-deb_cv1
biocontainers/relion-binplusmpi:v1.4dfsg-2b2-deb_cv1
biocontainers/python3-screed:v0.9-2-deb_cv1
biocontainers/casmoothing:v0.2-1b1-deb-py2_cv1
biocontainers/sitplus-data:v1.0.3-5.1-deb_cv1
biocontainers/python3-ruffus:v2.6.3dfsg-4-deb_cv1
biocontainers/sitplus:v1.0.3-5.1-deb_cv1
biocontainers/rpg:v1.1.0_cv1
biocontainers/bioconductor-biocinstaller:v1.24.0-1-deb_cv1
